GET 304 ( /api/docs/ ) ( 2022-11-21T14:08:33.948Z ) 7.381 ms
GET 304 ( /api/docs/swagger-ui-init.js ) ( 2022-11-21T14:08:33.951Z ) 0.507 ms
GET 304 ( /api/docs/swagger-ui.css ) ( 2022-11-21T14:08:33.962Z ) 6.549 ms
GET 304 ( /api/docs/swagger-ui-standalone-preset.js ) ( 2022-11-21T14:08:33.963Z ) 4.812 ms
GET 304 ( /api/docs/swagger-ui-bundle.js ) ( 2022-11-21T14:08:33.963Z ) 4.491 ms
GET 304 ( /api/docs/ ) ( 2022-11-21T14:08:40.035Z ) 0.663 ms
POST 200 ( /api/user/getusers ) ( 2022-11-21T14:10:03.134Z ) 14.909 ms
GET 200 ( /api/docs/ ) ( 2022-11-21T14:10:10.799Z ) 2.905 ms
GET 304 ( /api/docs/swagger-ui-init.js ) ( 2022-11-21T14:10:10.805Z ) 0.376 ms
GET 304 ( /api/docs/swagger-ui.css ) ( 2022-11-21T14:10:10.810Z ) 2.634 ms
GET 304 ( /api/docs/swagger-ui-standalone-preset.js ) ( 2022-11-21T14:10:10.811Z ) 2.356 ms
GET 304 ( /api/docs/swagger-ui-bundle.js ) ( 2022-11-21T14:10:10.812Z ) 2.807 ms
GET 304 ( /api/docs/ ) ( 2022-11-21T14:13:43.046Z ) 4.498 ms
GET 200 ( /api/docs/ ) ( 2022-11-21T14:13:43.595Z ) 1.586 ms
GET 304 ( /api/docs/swagger-ui-init.js ) ( 2022-11-21T14:13:43.601Z ) 0.305 ms
GET 304 ( /api/docs/swagger-ui.css ) ( 2022-11-21T14:13:43.607Z ) 4.799 ms
GET 304 ( /api/docs/swagger-ui-standalone-preset.js ) ( 2022-11-21T14:13:43.609Z ) 5.726 ms
GET 304 ( /api/docs/swagger-ui-bundle.js ) ( 2022-11-21T14:13:43.612Z ) 0.612 ms
GET 200 ( /api/docs/ ) ( 2022-11-21T14:13:55.773Z ) 4.136 ms
GET 304 ( /api/docs/swagger-ui.css ) ( 2022-11-21T14:13:55.785Z ) 2.219 ms
GET 304 ( /api/docs/swagger-ui-init.js ) ( 2022-11-21T14:13:55.787Z ) 0.417 ms
GET 304 ( /api/docs/swagger-ui-standalone-preset.js ) ( 2022-11-21T14:13:55.792Z ) 2.986 ms
GET 304 ( /api/docs/swagger-ui-bundle.js ) ( 2022-11-21T14:13:55.794Z ) 3.747 ms
GET 200 ( /api/docs/ ) ( 2022-11-21T14:14:11.292Z ) 4.052 ms
GET 200 ( /api/docs/ ) ( 2022-11-21T14:14:19.526Z ) 4.102 ms
GET 304 ( /api/docs/swagger-ui.css ) ( 2022-11-21T14:14:19.542Z ) 1.691 ms
GET 304 ( /api/docs/swagger-ui-init.js ) ( 2022-11-21T14:14:19.544Z ) 0.537 ms
GET 304 ( /api/docs/swagger-ui-standalone-preset.js ) ( 2022-11-21T14:14:19.547Z ) 0.809 ms
GET 304 ( /api/docs/swagger-ui-bundle.js ) ( 2022-11-21T14:14:19.553Z ) 2.151 ms
GET 200 ( /api/docs/ ) ( 2022-11-21T14:14:31.730Z ) 3.835 ms
GET 304 ( /api/docs/swagger-ui-init.js ) ( 2022-11-21T14:14:31.739Z ) 0.582 ms
GET 304 ( /api/docs/swagger-ui.css ) ( 2022-11-21T14:14:31.744Z ) 1.914 ms
GET 304 ( /api/docs/swagger-ui-standalone-preset.js ) ( 2022-11-21T14:14:31.745Z ) 1.671 ms
GET 304 ( /api/docs/swagger-ui-bundle.js ) ( 2022-11-21T14:14:31.746Z ) 0.357 ms
GET 200 ( /api/docs/ ) ( 2022-11-21T14:16:35.920Z ) 0.658 ms
GET 304 ( /api/docs/swagger-ui.css ) ( 2022-11-21T14:16:35.928Z ) 0.394 ms
GET 304 ( /api/docs/swagger-ui-init.js ) ( 2022-11-21T14:16:35.929Z ) 0.202 ms
GET 304 ( /api/docs/swagger-ui-standalone-preset.js ) ( 2022-11-21T14:16:35.932Z ) 0.659 ms
GET 304 ( /api/docs/swagger-ui-bundle.js ) ( 2022-11-21T14:16:35.934Z ) 0.495 ms
POST 400 ( /api/user/login/ ) ( 2022-11-21T14:32:19.779Z ) 6.982 ms
POST 401 ( /api/user/getusers/ ) ( 2022-11-21T14:32:34.376Z ) 0.556 ms
POST 400 ( /api/user/login/ ) ( 2022-11-21T14:32:53.955Z ) 118.943 ms
POST 200 ( /api/user/login/ ) ( 2022-11-21T14:33:06.648Z ) 97.945 ms
GET 404 ( / ) ( 2022-11-21T14:33:47.766Z ) 1.363 ms
GET 404 ( / ) ( 2022-11-21T14:34:28.197Z ) 2.196 ms
GET 200 ( /api/docs/ ) ( 2022-11-21T14:37:44.617Z ) 3.632 ms
GET 304 ( /api/docs/swagger-ui.css ) ( 2022-11-21T14:37:44.632Z ) 1.432 ms
GET 304 ( /api/docs/swagger-ui-init.js ) ( 2022-11-21T14:37:44.633Z ) 0.222 ms
GET 304 ( /api/docs/swagger-ui-standalone-preset.js ) ( 2022-11-21T14:37:44.635Z ) 1.058 ms
GET 304 ( /api/docs/swagger-ui-bundle.js ) ( 2022-11-21T14:37:44.636Z ) 1.427 ms
POST 200 ( /api/user/login ) ( 2022-11-21T14:59:28.499Z ) 127.332 ms
POST 200 ( /api/user/login ) ( 2022-11-21T15:02:46.738Z ) 128.600 ms
PUT 404 ( /api/user/login ) ( 2022-11-21T15:02:53.550Z ) 0.951 ms
POST 200 ( /api/user/login ) ( 2022-11-21T15:02:58.844Z ) 97.503 ms
GET 200 ( /api/docs/ ) ( 2022-11-21T15:03:50.975Z ) 1.986 ms
GET 304 ( /api/docs/swagger-ui.css ) ( 2022-11-21T15:03:50.985Z ) 1.048 ms
GET 304 ( /api/docs/swagger-ui-init.js ) ( 2022-11-21T15:03:50.986Z ) 0.295 ms
GET 304 ( /api/docs/swagger-ui-standalone-preset.js ) ( 2022-11-21T15:03:50.989Z ) 0.552 ms
GET 304 ( /api/docs/swagger-ui-bundle.js ) ( 2022-11-21T15:03:50.990Z ) 0.499 ms
POST 200 ( /api/user/getusers ) ( 2022-11-22T09:33:46.582Z ) 35.728 ms
POST 200 ( /api/user/login ) ( 2022-11-22T09:34:56.301Z ) 193.881 ms
GET 200 ( /api/docs/ ) ( 2022-11-25T14:29:27.081Z ) 5.177 ms
GET 304 ( /api/docs/swagger-ui.css ) ( 2022-11-25T14:29:27.085Z ) 2.387 ms
GET 304 ( /api/docs/swagger-ui-standalone-preset.js ) ( 2022-11-25T14:29:27.127Z ) 1.947 ms
GET 200 ( /api/docs/swagger-ui-init.js ) ( 2022-11-25T14:29:27.128Z ) 0.478 ms
GET 200 ( /api/docs/swagger-ui-bundle.js ) ( 2022-11-25T14:29:27.144Z ) 2.317 ms
POST 400 ( /api/user/login/ ) ( 2022-11-25T14:29:35.019Z ) 125.455 ms
POST 200 ( /api/user/createuser ) ( 2022-11-30T11:32:01.311Z ) 275.164 ms
POST 200 ( /api/user/login ) ( 2022-11-30T11:33:34.496Z ) 105.162 ms
POST 200 ( /api/user/getusers ) ( 2022-11-30T11:36:06.017Z ) 9.135 ms
POST 401 ( /api/user/getusers ) ( 2022-11-30T11:36:17.787Z ) 1.873 ms
POST 200 ( /api/user/getusers ) ( 2022-11-30T11:36:28.957Z ) 3.313 ms
POST 200 ( /api/user/login ) ( 2022-11-30T11:41:11.837Z ) 134.708 ms
POST 200 ( /api/user/login ) ( 2022-11-30T11:41:12.976Z ) 108.133 ms
POST 200 ( /api/user/login ) ( 2022-11-30T11:41:13.600Z ) 103.682 ms
POST 400 ( /api/user/createuser ) ( 2022-11-30T11:42:23.091Z ) 20.867 ms
POST 200 ( /api/user/login ) ( 2022-11-30T11:42:26.366Z ) 124.962 ms
POST 200 ( /api/user/getusers ) ( 2022-11-30T11:42:28.213Z ) 5.629 ms
GET 200 ( /api/docs/ ) ( 2022-11-30T11:43:54.981Z ) 5.540 ms
GET 200 ( /api/docs/swagger-ui-init.js ) ( 2022-11-30T11:43:55.009Z ) 0.560 ms
GET 200 ( /api/docs/swagger-ui.css ) ( 2022-11-30T11:43:55.010Z ) 8.174 ms
GET 200 ( /api/docs/swagger-ui-standalone-preset.js ) ( 2022-11-30T11:43:55.028Z ) 5.277 ms
GET 200 ( /api/docs/swagger-ui-bundle.js ) ( 2022-11-30T11:43:55.060Z ) 7.890 ms
GET 200 ( /api/docs/favicon-32x32.png ) ( 2022-11-30T11:43:55.412Z ) 1.807 ms
GET 200 ( /api/docs/favicon-16x16.png ) ( 2022-11-30T11:43:55.413Z ) 2.163 ms
GET 404 ( /apple-touch-icon-precomposed.png ) ( 2022-11-30T11:43:55.432Z ) 1.677 ms
GET 404 ( /apple-touch-icon.png ) ( 2022-11-30T11:43:55.435Z ) 0.488 ms
GET 304 ( /api/docs/ ) ( 2022-11-30T11:43:57.684Z ) 0.936 ms
GET 304 ( /api/docs/swagger-ui-init.js ) ( 2022-11-30T11:43:57.706Z ) 0.384 ms
GET 304 ( /api/docs/swagger-ui.css ) ( 2022-11-30T11:43:57.713Z ) 5.519 ms
GET 304 ( /api/docs/swagger-ui-standalone-preset.js ) ( 2022-11-30T11:43:57.713Z ) 4.863 ms
GET 304 ( /api/docs/swagger-ui-bundle.js ) ( 2022-11-30T11:43:57.718Z ) 2.972 ms
POST 200 ( /api/user/login/ ) ( 2022-11-30T11:44:16.049Z ) 109.102 ms
POST 400 ( /api/user/login/ ) ( 2022-11-30T11:44:53.810Z ) 2.899 ms
GET 404 ( / ) ( 2022-11-30T11:45:56.322Z ) 0.247 ms
GET 404 ( / ) ( 2022-11-30T11:46:24.830Z ) 0.446 ms
GET 404 ( / ) ( 2022-11-30T11:47:39.602Z ) 2.261 ms
GET 200 ( /api/docs/ ) ( 2022-11-30T11:48:48.781Z ) 5.719 ms
POST 200 ( /api/user/createuser ) ( 2022-12-01T07:02:33.566Z ) 190.397 ms
POST 200 ( /api/user/login ) ( 2022-12-01T07:03:25.916Z ) 102.703 ms
POST 400 ( /api/user/login ) ( 2022-12-01T07:04:58.893Z ) 127.101 ms
POST 400 ( /api/user/login ) ( 2022-12-01T07:05:00.152Z ) 99.523 ms
POST 400 ( /api/user/login ) ( 2022-12-01T07:05:00.786Z ) 101.106 ms
GET 404 ( / ) ( 2022-12-01T07:06:27.619Z ) 2.749 ms
GET 404 ( / ) ( 2022-12-01T07:07:01.047Z ) 2.147 ms
POST 400 ( /api/user/createuser ) ( 2022-12-01T07:39:49.032Z ) 19.269 ms
POST 200 ( /api/user/createuser ) ( 2022-12-01T07:40:08.050Z ) 128.814 ms
POST 401 ( /api/user/getusers ) ( 2022-12-01T09:43:43.667Z ) 3.319 ms
POST 200 ( /api/user/getusers ) ( 2022-12-01T09:43:50.923Z ) 13.523 ms
POST 400 ( /api/user/login ) ( 2022-12-01T09:44:34.623Z ) 124.832 ms
POST 400 ( /api/user/login ) ( 2022-12-01T09:44:35.242Z ) 98.857 ms
POST 400 ( /api/user/login ) ( 2022-12-01T09:44:35.841Z ) 98.893 ms
POST 404 ( /api/users/createuser ) ( 2022-12-17T07:40:54.074Z ) 1.336 ms
POST 401 ( /api/user/createuser ) ( 2022-12-17T07:41:24.008Z ) 2.180 ms
POST 400 ( /api/user/login ) ( 2022-12-17T07:41:40.160Z ) 6.568 ms
POST 400 ( /api/user/login ) ( 2022-12-17T07:42:18.023Z ) 1.232 ms
POST 400 ( /api/user/login ) ( 2022-12-17T07:42:25.614Z ) 25.001 ms
POST 401 ( /api/user/createuser ) ( 2022-12-17T07:43:31.782Z ) 2.549 ms
POST 401 ( /api/user/createuser ) ( 2022-12-17T07:43:38.169Z ) 0.695 ms
POST 200 ( /api/user/createuser ) ( 2022-12-17T07:43:52.260Z ) 243.340 ms
POST 400 ( /api/user/createuser ) ( 2022-12-17T07:46:10.942Z ) 2.985 ms
POST 200 ( /api/user/login ) ( 2022-12-17T07:46:19.502Z ) 99.546 ms
POST 404 ( //api/user/createuser ) ( 2022-12-29T11:09:30.776Z ) 1.681 ms
POST 401 ( /api/user/createuser ) ( 2022-12-29T11:10:08.049Z ) 2.343 ms
POST 401 ( /api/user/createuser ) ( 2022-12-29T11:10:37.909Z ) 2.851 ms
POST 400 ( /api/user/createuser ) ( 2022-12-29T11:10:49.577Z ) 9.597 ms
POST 200 ( /api/user/createuser ) ( 2022-12-29T11:11:29.505Z ) 129.123 ms
POST 401 ( /api/user/createuser ) ( 2022-12-29T11:13:46.499Z ) 3.115 ms
POST 401 ( /api/user/createuser ) ( 2022-12-29T11:17:51.510Z ) 3.738 ms
POST 200 ( /api/user/login ) ( 2022-12-29T11:20:26.820Z ) 124.574 ms
POST 400 ( /api/user/createuser ) ( 2022-12-29T11:20:49.240Z ) 5.457 ms
POST 200 ( /api/user/login ) ( 2023-01-11T12:24:39.229Z ) 183.147 ms
POST 200 ( /api/user/login ) ( 2023-01-11T12:25:33.443Z ) 93.147 ms
POST 200 ( /api/user/login ) ( 2023-01-11T12:25:46.307Z ) 92.368 ms
OPTIONS 200 ( /api/user/login ) ( 2023-01-11T13:27:21.203Z ) 3.136 ms
OPTIONS 200 ( /api/user/login ) ( 2023-01-11T13:27:21.207Z ) 0.708 ms
OPTIONS 200 ( /api/user/login ) ( 2023-01-11T13:27:21.208Z ) 0.248 ms
OPTIONS 200 ( /api/user/login ) ( 2023-01-11T13:27:21.210Z ) 0.249 ms
OPTIONS 200 ( /api/user/login ) ( 2023-01-11T13:27:21.211Z ) 0.346 ms
OPTIONS 200 ( /api/user/login ) ( 2023-01-11T13:27:21.213Z ) 0.241 ms
OPTIONS 200 ( /api/user/login ) ( 2023-01-11T13:27:21.215Z ) 0.252 ms
OPTIONS 200 ( /api/user/login ) ( 2023-01-11T13:27:21.217Z ) 0.251 ms
OPTIONS 200 ( /api/user/login ) ( 2023-01-11T13:27:21.219Z ) 0.396 ms
OPTIONS 200 ( /api/user/login ) ( 2023-01-11T13:27:21.220Z ) 0.315 ms
OPTIONS 200 ( /api/user/login ) ( 2023-01-11T13:27:21.246Z ) 0.256 ms
POST 400 ( /api/user/login ) ( 2023-01-11T13:27:21.553Z ) 321.048 ms
POST 400 ( /api/user/login ) ( 2023-01-11T13:27:21.553Z ) 300.816 ms
POST 400 ( /api/user/login ) ( 2023-01-11T13:27:21.854Z ) 607.206 ms
POST 400 ( /api/user/login ) ( 2023-01-11T13:27:21.855Z ) 604.825 ms
POST 400 ( /api/user/login ) ( 2023-01-11T13:27:21.856Z ) 599.797 ms
POST 400 ( /api/user/login ) ( 2023-01-11T13:27:22.186Z ) 338.840 ms
POST 400 ( /api/user/login ) ( 2023-01-11T13:27:22.187Z ) 337.293 ms
POST 400 ( /api/user/login ) ( 2023-01-11T13:27:22.187Z ) 928.943 ms
POST 400 ( /api/user/login ) ( 2023-01-11T13:27:22.495Z ) 431.215 ms
POST 400 ( /api/user/login ) ( 2023-01-11T13:27:22.496Z ) 429.696 ms
POST 400 ( /api/user/login ) ( 2023-01-11T13:27:22.498Z ) 437.036 ms
POST 400 ( /api/user/login ) ( 2023-01-11T13:27:22.788Z ) 305.074 ms
POST 400 ( /api/user/login ) ( 2023-01-11T13:27:22.788Z ) 303.190 ms
POST 400 ( /api/user/login ) ( 2023-01-11T13:27:22.788Z ) 301.106 ms
POST 400 ( /api/user/login ) ( 2023-01-11T13:27:23.071Z ) 289.250 ms
POST 400 ( /api/user/login ) ( 2023-01-11T13:27:23.071Z ) 287.033 ms
POST 400 ( /api/user/login ) ( 2023-01-11T13:27:23.072Z ) 285.667 ms
POST 400 ( /api/user/login ) ( 2023-01-11T13:27:23.361Z ) 295.361 ms
POST 400 ( /api/user/login ) ( 2023-01-11T13:27:23.362Z ) 294.083 ms
POST 400 ( /api/user/login ) ( 2023-01-11T13:27:23.363Z ) 293.386 ms
POST 400 ( /api/user/login ) ( 2023-01-11T13:27:23.655Z ) 298.048 ms
POST 400 ( /api/user/login ) ( 2023-01-11T13:27:23.655Z ) 296.685 ms
POST 400 ( /api/user/login ) ( 2023-01-11T13:27:23.656Z ) 295.348 ms
POST 400 ( /api/user/login ) ( 2023-01-11T13:27:23.950Z ) 299.815 ms
POST 400 ( /api/user/login ) ( 2023-01-11T13:27:23.951Z ) 298.879 ms
POST 400 ( /api/user/login ) ( 2023-01-11T13:27:23.951Z ) 297.989 ms
POST 400 ( /api/user/login ) ( 2023-01-11T13:27:24.242Z ) 296.770 ms
POST 400 ( /api/user/login ) ( 2023-01-11T13:27:24.246Z ) 297.136 ms
POST 400 ( /api/user/login ) ( 2023-01-11T13:27:24.248Z ) 298.698 ms
POST 400 ( /api/user/login ) ( 2023-01-11T13:27:24.546Z ) 307.982 ms
POST 400 ( /api/user/login ) ( 2023-01-11T13:27:24.549Z ) 307.046 ms
POST 400 ( /api/user/login ) ( 2023-01-11T13:27:24.852Z ) 611.648 ms
POST 400 ( /api/user/login ) ( 2023-01-11T13:27:24.854Z ) 603.373 ms
POST 400 ( /api/user/login ) ( 2023-01-11T13:27:24.855Z ) 605.340 ms
POST 400 ( /api/user/login ) ( 2023-01-11T13:27:24.858Z ) 606.128 ms
POST 400 ( /api/user/login ) ( 2023-01-11T13:27:25.062Z ) 213.777 ms
POST 400 ( /api/user/login ) ( 2023-01-11T13:27:25.063Z ) 212.418 ms
POST 400 ( /api/user/login ) ( 2023-01-11T13:27:25.167Z ) 309.855 ms
POST 400 ( /api/user/login ) ( 2023-01-11T13:27:25.459Z ) 400.261 ms
POST 400 ( /api/user/login ) ( 2023-01-11T13:27:25.459Z ) 399.058 ms
POST 400 ( /api/user/login ) ( 2023-01-11T13:27:25.460Z ) 397.943 ms
POST 400 ( /api/user/login ) ( 2023-01-11T13:27:25.656Z ) 491.260 ms
POST 400 ( /api/user/login ) ( 2023-01-11T13:27:25.656Z ) 493.191 ms
POST 400 ( /api/user/login ) ( 2023-01-11T13:27:25.750Z ) 292.630 ms
POST 400 ( /api/user/login ) ( 2023-01-11T13:27:26.030Z ) 378.304 ms
POST 400 ( /api/user/login ) ( 2023-01-11T13:27:26.030Z ) 376.925 ms
POST 400 ( /api/user/login ) ( 2023-01-11T13:27:26.031Z ) 375.953 ms
POST 400 ( /api/user/login ) ( 2023-01-11T13:27:26.225Z ) 476.652 ms
POST 400 ( /api/user/login ) ( 2023-01-11T13:27:26.226Z ) 478.691 ms
POST 400 ( /api/user/login ) ( 2023-01-11T13:27:26.327Z ) 298.581 ms
POST 400 ( /api/user/login ) ( 2023-01-11T13:27:26.615Z ) 392.976 ms
POST 400 ( /api/user/login ) ( 2023-01-11T13:27:26.615Z ) 392.027 ms
POST 400 ( /api/user/login ) ( 2023-01-11T13:27:26.616Z ) 391.427 ms
POST 400 ( /api/user/login ) ( 2023-01-11T13:27:26.812Z ) 486.150 ms
POST 400 ( /api/user/login ) ( 2023-01-11T13:27:26.813Z ) 488.530 ms
POST 400 ( /api/user/login ) ( 2023-01-11T13:27:26.914Z ) 299.995 ms
POST 400 ( /api/user/login ) ( 2023-01-11T13:27:27.197Z ) 389.417 ms
POST 400 ( /api/user/login ) ( 2023-01-11T13:27:27.198Z ) 388.331 ms
POST 400 ( /api/user/login ) ( 2023-01-11T13:27:27.198Z ) 387.156 ms
POST 400 ( /api/user/login ) ( 2023-01-11T13:27:27.407Z ) 488.370 ms
POST 400 ( /api/user/login ) ( 2023-01-11T13:27:27.527Z ) 616.867 ms
POST 400 ( /api/user/login ) ( 2023-01-11T13:27:27.528Z ) 331.440 ms
POST 400 ( /api/user/login ) ( 2023-01-11T13:27:27.815Z ) 417.644 ms
POST 400 ( /api/user/login ) ( 2023-01-11T13:27:27.816Z ) 415.596 ms
POST 400 ( /api/user/login ) ( 2023-01-11T13:27:27.816Z ) 417.134 ms
POST 400 ( /api/user/login ) ( 2023-01-11T13:27:27.918Z ) 393.188 ms
POST 400 ( /api/user/login ) ( 2023-01-11T13:27:28.144Z ) 325.745 ms
POST 400 ( /api/user/login ) ( 2023-01-11T13:27:28.448Z ) 634.323 ms
POST 400 ( /api/user/login ) ( 2023-01-11T13:27:28.449Z ) 532.877 ms
POST 400 ( /api/user/login ) ( 2023-01-11T13:27:28.450Z ) 534.890 ms
POST 400 ( /api/user/login ) ( 2023-01-11T13:27:28.450Z ) 532.918 ms
POST 400 ( /api/user/login ) ( 2023-01-11T13:27:28.551Z ) 418.084 ms
POST 400 ( /api/user/login ) ( 2023-01-11T13:27:28.648Z ) 201.216 ms
POST 400 ( /api/user/login ) ( 2023-01-11T13:27:29.046Z ) 496.862 ms
POST 400 ( /api/user/login ) ( 2023-01-11T13:27:29.046Z ) 496.261 ms
POST 400 ( /api/user/login ) ( 2023-01-11T13:27:29.145Z ) 598.949 ms
POST 400 ( /api/user/login ) ( 2023-01-11T13:27:29.146Z ) 597.980 ms
POST 400 ( /api/user/login ) ( 2023-01-11T13:27:29.146Z ) 498.939 ms
POST 400 ( /api/user/login ) ( 2023-01-11T13:27:29.248Z ) 211.706 ms
POST 400 ( /api/user/login ) ( 2023-01-11T13:27:29.430Z ) 287.534 ms
POST 400 ( /api/user/login ) ( 2023-01-11T13:27:29.431Z ) 286.478 ms
POST 400 ( /api/user/login ) ( 2023-01-11T13:27:29.730Z ) 484.865 ms
POST 400 ( /api/user/login ) ( 2023-01-11T13:27:29.731Z ) 486.870 ms
POST 400 ( /api/user/login ) ( 2023-01-11T13:27:29.836Z ) 589.494 ms
POST 400 ( /api/user/login ) ( 2023-01-11T13:27:29.837Z ) 407.509 ms
POST 400 ( /api/user/login ) ( 2023-01-11T13:27:30.031Z ) 302.806 ms
POST 400 ( /api/user/login ) ( 2023-01-11T13:27:30.031Z ) 301.793 ms
POST 400 ( /api/user/login ) ( 2023-01-11T13:27:30.219Z ) 386.234 ms
POST 400 ( /api/user/login ) ( 2023-01-11T13:27:30.220Z ) 385.103 ms
POST 400 ( /api/user/login ) ( 2023-01-11T13:27:30.408Z ) 378.611 ms
POST 400 ( /api/user/login ) ( 2023-01-11T13:27:30.409Z ) 380.531 ms
POST 400 ( /api/user/login ) ( 2023-01-11T13:27:30.604Z ) 385.286 ms
POST 400 ( /api/user/login ) ( 2023-01-11T13:27:30.604Z ) 388.360 ms
POST 400 ( /api/user/login ) ( 2023-01-11T13:27:30.797Z ) 389.588 ms
POST 400 ( /api/user/login ) ( 2023-01-11T13:27:30.797Z ) 391.765 ms
POST 400 ( /api/user/login ) ( 2023-01-11T13:27:30.993Z ) 391.035 ms
POST 400 ( /api/user/login ) ( 2023-01-11T13:27:30.994Z ) 393.361 ms
POST 400 ( /api/user/login ) ( 2023-01-11T13:27:31.193Z ) 397.244 ms
POST 400 ( /api/user/login ) ( 2023-01-11T13:27:31.196Z ) 399.730 ms
POST 400 ( /api/user/login ) ( 2023-01-11T13:27:31.394Z ) 401.420 ms
POST 400 ( /api/user/login ) ( 2023-01-11T13:27:31.394Z ) 403.368 ms
POST 400 ( /api/user/login ) ( 2023-01-11T13:27:31.587Z ) 395.652 ms
POST 400 ( /api/user/login ) ( 2023-01-11T13:27:31.588Z ) 397.618 ms
POST 400 ( /api/user/login ) ( 2023-01-11T13:27:31.687Z ) 295.026 ms
OPTIONS 200 ( /api/user/login ) ( 2023-01-11T13:29:43.016Z ) 0.213 ms
OPTIONS 200 ( /api/user/login ) ( 2023-01-11T13:29:43.018Z ) 0.170 ms
POST 400 ( /api/user/login ) ( 2023-01-11T13:29:43.415Z ) 394.310 ms
POST 400 ( /api/user/login ) ( 2023-01-11T13:29:43.423Z ) 397.987 ms
POST 400 ( /api/user/login ) ( 2023-01-11T13:29:43.525Z ) 502.249 ms
POST 400 ( /api/user/login ) ( 2023-01-11T13:29:43.526Z ) 499.424 ms
POST 400 ( /api/user/login ) ( 2023-01-11T13:29:44.037Z ) 1010.227 ms
POST 400 ( /api/user/login ) ( 2023-01-11T13:29:44.038Z ) 996.432 ms
POST 400 ( /api/user/login ) ( 2023-01-11T13:29:44.039Z ) 517.164 ms
POST 400 ( /api/user/login ) ( 2023-01-11T13:29:44.242Z ) 718.449 ms
POST 400 ( /api/user/login ) ( 2023-01-11T13:29:44.244Z ) 499.150 ms
POST 400 ( /api/user/login ) ( 2023-01-11T13:29:44.246Z ) 499.887 ms
POST 400 ( /api/user/login ) ( 2023-01-11T13:29:44.547Z ) 308.297 ms
POST 400 ( /api/user/login ) ( 2023-01-11T13:29:44.547Z ) 306.438 ms
POST 400 ( /api/user/login ) ( 2023-01-11T13:29:44.649Z ) 412.755 ms
POST 400 ( /api/user/login ) ( 2023-01-11T13:29:44.650Z ) 404.264 ms
POST 400 ( /api/user/login ) ( 2023-01-11T13:29:44.842Z ) 303.211 ms
POST 400 ( /api/user/login ) ( 2023-01-11T13:29:44.843Z ) 301.922 ms
POST 400 ( /api/user/login ) ( 2023-01-11T13:29:45.042Z ) 393.840 ms
POST 400 ( /api/user/login ) ( 2023-01-11T13:29:45.043Z ) 396.055 ms
POST 400 ( /api/user/login ) ( 2023-01-11T13:29:45.240Z ) 398.840 ms
POST 400 ( /api/user/login ) ( 2023-01-11T13:29:45.240Z ) 400.535 ms
POST 400 ( /api/user/login ) ( 2023-01-11T13:29:45.437Z ) 395.788 ms
POST 400 ( /api/user/login ) ( 2023-01-11T13:29:45.437Z ) 397.524 ms
POST 400 ( /api/user/login ) ( 2023-01-11T13:29:45.637Z ) 398.472 ms
POST 400 ( /api/user/login ) ( 2023-01-11T13:29:45.638Z ) 400.886 ms
POST 400 ( /api/user/login ) ( 2023-01-11T13:29:45.836Z ) 400.159 ms
POST 400 ( /api/user/login ) ( 2023-01-11T13:29:45.837Z ) 402.103 ms
POST 400 ( /api/user/login ) ( 2023-01-11T13:29:46.047Z ) 411.936 ms
POST 400 ( /api/user/login ) ( 2023-01-11T13:29:46.246Z ) 609.750 ms
POST 400 ( /api/user/login ) ( 2023-01-11T13:29:46.250Z ) 415.731 ms
POST 400 ( /api/user/login ) ( 2023-01-11T13:29:46.450Z ) 614.216 ms
POST 400 ( /api/user/login ) ( 2023-01-11T13:29:46.459Z ) 418.661 ms
POST 400 ( /api/user/login ) ( 2023-01-11T13:29:46.560Z ) 518.605 ms
POST 400 ( /api/user/login ) ( 2023-01-11T13:29:46.561Z ) 315.844 ms
POST 400 ( /api/user/login ) ( 2023-01-11T13:29:46.757Z ) 309.295 ms
POST 400 ( /api/user/login ) ( 2023-01-11T13:29:46.757Z ) 308.354 ms
POST 400 ( /api/user/login ) ( 2023-01-11T13:29:46.960Z ) 400.435 ms
POST 400 ( /api/user/login ) ( 2023-01-11T13:29:46.961Z ) 402.501 ms
POST 400 ( /api/user/login ) ( 2023-01-11T13:29:47.166Z ) 412.758 ms
POST 400 ( /api/user/login ) ( 2023-01-11T13:29:47.354Z ) 599.727 ms
POST 400 ( /api/user/login ) ( 2023-01-11T13:29:47.354Z ) 396.202 ms
POST 400 ( /api/user/login ) ( 2023-01-11T13:29:47.355Z ) 398.014 ms
POST 400 ( /api/user/login ) ( 2023-01-11T13:29:47.552Z ) 390.301 ms
POST 400 ( /api/user/login ) ( 2023-01-11T13:29:47.552Z ) 391.946 ms
POST 400 ( /api/user/login ) ( 2023-01-11T13:29:47.653Z ) 300.163 ms
POST 400 ( /api/user/login ) ( 2023-01-11T13:29:47.945Z ) 395.378 ms
POST 400 ( /api/user/login ) ( 2023-01-11T13:29:47.945Z ) 394.753 ms
POST 400 ( /api/user/login ) ( 2023-01-11T13:29:48.146Z ) 598.160 ms
POST 400 ( /api/user/login ) ( 2023-01-11T13:29:48.147Z ) 494.884 ms
POST 400 ( /api/user/login ) ( 2023-01-11T13:29:48.147Z ) 496.695 ms
POST 400 ( /api/user/login ) ( 2023-01-11T13:29:48.445Z ) 506.302 ms
POST 400 ( /api/user/login ) ( 2023-01-11T13:29:48.446Z ) 302.584 ms
POST 400 ( /api/user/login ) ( 2023-01-11T13:29:48.446Z ) 301.460 ms
POST 400 ( /api/user/login ) ( 2023-01-11T13:29:48.787Z ) 536.674 ms
POST 400 ( /api/user/login ) ( 2023-01-11T13:29:48.788Z ) 539.454 ms
POST 400 ( /api/user/login ) ( 2023-01-11T13:29:48.809Z ) 557.891 ms
POST 400 ( /api/user/login ) ( 2023-01-11T13:29:49.097Z ) 336.259 ms
POST 400 ( /api/user/login ) ( 2023-01-11T13:29:49.097Z ) 317.127 ms
POST 400 ( /api/user/login ) ( 2023-01-11T13:29:49.098Z ) 311.889 ms
POST 400 ( /api/user/login ) ( 2023-01-11T13:29:49.301Z ) 493.233 ms
POST 400 ( /api/user/login ) ( 2023-01-11T13:29:49.451Z ) 645.338 ms
POST 400 ( /api/user/login ) ( 2023-01-11T13:29:49.452Z ) 355.809 ms
POST 400 ( /api/user/login ) ( 2023-01-11T13:29:49.781Z ) 480.199 ms
POST 400 ( /api/user/login ) ( 2023-01-11T13:29:49.785Z ) 484.555 ms
POST 400 ( /api/user/login ) ( 2023-01-11T13:29:49.901Z ) 600.190 ms
POST 400 ( /api/user/login ) ( 2023-01-11T13:29:50.113Z ) 662.265 ms
POST 400 ( /api/user/login ) ( 2023-01-11T13:29:50.120Z ) 349.931 ms
POST 400 ( /api/user/login ) ( 2023-01-11T13:29:50.327Z ) 574.741 ms
POST 400 ( /api/user/login ) ( 2023-01-11T13:29:50.495Z ) 595.359 ms
POST 400 ( /api/user/login ) ( 2023-01-11T13:29:50.496Z ) 597.539 ms
POST 400 ( /api/user/login ) ( 2023-01-11T13:29:50.496Z ) 384.400 ms
POST 400 ( /api/user/login ) ( 2023-01-11T13:29:50.704Z ) 378.082 ms
POST 400 ( /api/user/login ) ( 2023-01-11T13:29:50.804Z ) 480.115 ms
POST 400 ( /api/user/login ) ( 2023-01-11T13:29:50.805Z ) 310.582 ms
POST 400 ( /api/user/login ) ( 2023-01-11T13:29:51.105Z ) 406.017 ms
POST 400 ( /api/user/login ) ( 2023-01-11T13:29:51.105Z ) 405.420 ms
POST 400 ( /api/user/login ) ( 2023-01-11T13:29:51.207Z ) 509.906 ms
POST 400 ( /api/user/login ) ( 2023-01-11T13:29:51.208Z ) 404.525 ms
POST 400 ( /api/user/login ) ( 2023-01-11T13:29:51.400Z ) 301.224 ms
POST 400 ( /api/user/login ) ( 2023-01-11T13:29:51.401Z ) 300.402 ms
POST 400 ( /api/user/login ) ( 2023-01-11T13:29:51.604Z ) 397.656 ms
POST 400 ( /api/user/login ) ( 2023-01-11T13:29:51.604Z ) 399.440 ms
POST 400 ( /api/user/login ) ( 2023-01-11T13:29:51.808Z ) 408.376 ms
POST 400 ( /api/user/login ) ( 2023-01-11T13:29:51.809Z ) 410.307 ms
POST 400 ( /api/user/login ) ( 2023-01-11T13:29:52.308Z ) 704.903 ms
POST 400 ( /api/user/login ) ( 2023-01-11T13:29:52.309Z ) 706.825 ms
POST 400 ( /api/user/login ) ( 2023-01-11T13:29:52.309Z ) 502.526 ms
POST 400 ( /api/user/login ) ( 2023-01-11T13:29:52.309Z ) 504.499 ms
POST 400 ( /api/user/login ) ( 2023-01-11T13:29:52.506Z ) 428.478 ms
POST 400 ( /api/user/login ) ( 2023-01-11T13:29:52.507Z ) 430.080 ms
POST 400 ( /api/user/login ) ( 2023-01-11T13:29:52.957Z ) 452.502 ms
POST 400 ( /api/user/login ) ( 2023-01-11T13:29:52.957Z ) 451.789 ms
POST 400 ( /api/user/login ) ( 2023-01-11T13:29:52.958Z ) 456.441 ms
POST 400 ( /api/user/login ) ( 2023-01-11T13:29:52.959Z ) 455.831 ms
POST 400 ( /api/user/login ) ( 2023-01-11T13:29:53.153Z ) 210.876 ms
POST 400 ( /api/user/login ) ( 2023-01-11T13:29:53.154Z ) 209.998 ms
POST 400 ( /api/user/login ) ( 2023-01-11T13:29:53.534Z ) 385.316 ms
POST 400 ( /api/user/login ) ( 2023-01-11T13:29:53.543Z ) 391.718 ms
POST 400 ( /api/user/login ) ( 2023-01-11T13:29:53.544Z ) 391.081 ms
POST 400 ( /api/user/login ) ( 2023-01-11T13:29:53.546Z ) 396.172 ms
POST 400 ( /api/user/login ) ( 2023-01-11T13:29:53.741Z ) 208.754 ms
POST 400 ( /api/user/login ) ( 2023-01-11T13:29:53.741Z ) 207.811 ms
POST 400 ( /api/user/login ) ( 2023-01-11T13:29:53.839Z ) 293.959 ms
POST 400 ( /api/user/login ) ( 2023-01-11T13:29:54.027Z ) 288.304 ms
POST 400 ( /api/user/login ) ( 2023-01-11T13:29:54.027Z ) 287.364 ms
OPTIONS 200 ( /api/user/login ) ( 2023-01-11T13:34:57.619Z ) 0.278 ms
OPTIONS 200 ( /api/user/login ) ( 2023-01-11T13:34:57.621Z ) 0.201 ms
POST 400 ( /api/user/login ) ( 2023-01-11T13:34:57.630Z ) 2.100 ms
POST 400 ( /api/user/login ) ( 2023-01-11T13:34:57.631Z ) 0.543 ms
POST 400 ( /api/user/login ) ( 2023-01-11T13:34:57.633Z ) 0.792 ms
POST 400 ( /api/user/login ) ( 2023-01-11T13:34:57.635Z ) 0.497 ms
POST 400 ( /api/user/login ) ( 2023-01-11T13:34:57.641Z ) 0.624 ms
POST 400 ( /api/user/login ) ( 2023-01-11T13:34:57.645Z ) 0.824 ms
POST 400 ( /api/user/login ) ( 2023-01-11T13:34:57.649Z ) 1.035 ms
POST 400 ( /api/user/login ) ( 2023-01-11T13:34:57.650Z ) 0.471 ms
POST 400 ( /api/user/login ) ( 2023-01-11T13:34:57.653Z ) 0.862 ms
POST 400 ( /api/user/login ) ( 2023-01-11T13:34:57.659Z ) 0.647 ms
POST 400 ( /api/user/login ) ( 2023-01-11T13:34:57.661Z ) 0.630 ms
POST 400 ( /api/user/login ) ( 2023-01-11T13:34:57.666Z ) 1.205 ms
POST 400 ( /api/user/login ) ( 2023-01-11T13:34:57.670Z ) 0.718 ms
POST 400 ( /api/user/login ) ( 2023-01-11T13:34:57.672Z ) 1.000 ms
POST 400 ( /api/user/login ) ( 2023-01-11T13:34:57.674Z ) 0.794 ms
POST 400 ( /api/user/login ) ( 2023-01-11T13:34:57.676Z ) 0.511 ms
POST 400 ( /api/user/login ) ( 2023-01-11T13:34:57.685Z ) 0.498 ms
POST 400 ( /api/user/login ) ( 2023-01-11T13:34:57.693Z ) 0.502 ms
POST 400 ( /api/user/login ) ( 2023-01-11T13:34:57.702Z ) 0.718 ms
POST 400 ( /api/user/login ) ( 2023-01-11T13:34:57.704Z ) 0.516 ms
POST 400 ( /api/user/login ) ( 2023-01-11T13:34:57.707Z ) 0.636 ms
POST 400 ( /api/user/login ) ( 2023-01-11T13:34:57.714Z ) 0.513 ms
POST 400 ( /api/user/login ) ( 2023-01-11T13:34:57.719Z ) 3.702 ms
POST 400 ( /api/user/login ) ( 2023-01-11T13:34:57.720Z ) 0.934 ms
POST 400 ( /api/user/login ) ( 2023-01-11T13:34:57.723Z ) 0.594 ms
POST 400 ( /api/user/login ) ( 2023-01-11T13:34:57.724Z ) 0.509 ms
POST 400 ( /api/user/login ) ( 2023-01-11T13:34:57.731Z ) 0.655 ms
POST 400 ( /api/user/login ) ( 2023-01-11T13:34:57.737Z ) 1.016 ms
POST 400 ( /api/user/login ) ( 2023-01-11T13:34:57.738Z ) 0.598 ms
POST 400 ( /api/user/login ) ( 2023-01-11T13:34:57.743Z ) 1.124 ms
POST 400 ( /api/user/login ) ( 2023-01-11T13:34:57.750Z ) 1.667 ms
POST 400 ( /api/user/login ) ( 2023-01-11T13:34:57.752Z ) 0.782 ms
POST 400 ( /api/user/login ) ( 2023-01-11T13:34:57.754Z ) 1.002 ms
POST 400 ( /api/user/login ) ( 2023-01-11T13:34:57.757Z ) 0.535 ms
POST 400 ( /api/user/login ) ( 2023-01-11T13:34:57.760Z ) 0.613 ms
POST 400 ( /api/user/login ) ( 2023-01-11T13:34:57.763Z ) 1.611 ms
POST 400 ( /api/user/login ) ( 2023-01-11T13:34:57.765Z ) 0.781 ms
POST 400 ( /api/user/login ) ( 2023-01-11T13:34:57.767Z ) 0.772 ms
POST 400 ( /api/user/login ) ( 2023-01-11T13:34:57.771Z ) 1.270 ms
POST 400 ( /api/user/login ) ( 2023-01-11T13:34:57.772Z ) 0.471 ms
POST 400 ( /api/user/login ) ( 2023-01-11T13:34:57.774Z ) 0.535 ms
POST 400 ( /api/user/login ) ( 2023-01-11T13:34:57.776Z ) 1.126 ms
POST 400 ( /api/user/login ) ( 2023-01-11T13:34:57.780Z ) 0.560 ms
POST 400 ( /api/user/login ) ( 2023-01-11T13:34:57.781Z ) 0.455 ms
POST 400 ( /api/user/login ) ( 2023-01-11T13:34:57.782Z ) 0.463 ms
POST 400 ( /api/user/login ) ( 2023-01-11T13:34:57.786Z ) 0.472 ms
POST 400 ( /api/user/login ) ( 2023-01-11T13:34:57.791Z ) 1.159 ms
POST 400 ( /api/user/login ) ( 2023-01-11T13:34:57.795Z ) 0.462 ms
POST 400 ( /api/user/login ) ( 2023-01-11T13:34:57.797Z ) 1.623 ms
POST 400 ( /api/user/login ) ( 2023-01-11T13:34:57.800Z ) 0.511 ms
POST 400 ( /api/user/login ) ( 2023-01-11T13:34:57.803Z ) 0.522 ms
POST 400 ( /api/user/login ) ( 2023-01-11T13:34:57.805Z ) 0.582 ms
POST 400 ( /api/user/login ) ( 2023-01-11T13:34:57.806Z ) 0.451 ms
POST 400 ( /api/user/login ) ( 2023-01-11T13:34:57.807Z ) 0.449 ms
POST 400 ( /api/user/login ) ( 2023-01-11T13:34:57.810Z ) 0.525 ms
POST 400 ( /api/user/login ) ( 2023-01-11T13:34:57.812Z ) 1.392 ms
POST 400 ( /api/user/login ) ( 2023-01-11T13:34:57.813Z ) 0.454 ms
POST 400 ( /api/user/login ) ( 2023-01-11T13:34:57.817Z ) 1.337 ms
POST 400 ( /api/user/login ) ( 2023-01-11T13:34:57.818Z ) 0.472 ms
POST 400 ( /api/user/login ) ( 2023-01-11T13:34:57.819Z ) 0.527 ms
POST 400 ( /api/user/login ) ( 2023-01-11T13:34:57.821Z ) 0.638 ms
POST 400 ( /api/user/login ) ( 2023-01-11T13:34:57.824Z ) 1.256 ms
POST 400 ( /api/user/login ) ( 2023-01-11T13:34:57.826Z ) 0.454 ms
POST 400 ( /api/user/login ) ( 2023-01-11T13:34:57.828Z ) 0.541 ms
POST 400 ( /api/user/login ) ( 2023-01-11T13:34:57.830Z ) 0.545 ms
POST 400 ( /api/user/login ) ( 2023-01-11T13:34:57.831Z ) 0.451 ms
POST 400 ( /api/user/login ) ( 2023-01-11T13:34:57.833Z ) 0.462 ms
POST 400 ( /api/user/login ) ( 2023-01-11T13:34:57.836Z ) 0.574 ms
POST 400 ( /api/user/login ) ( 2023-01-11T13:34:57.838Z ) 0.737 ms
POST 400 ( /api/user/login ) ( 2023-01-11T13:34:57.840Z ) 0.627 ms
POST 400 ( /api/user/login ) ( 2023-01-11T13:34:57.842Z ) 0.458 ms
POST 400 ( /api/user/login ) ( 2023-01-11T13:34:57.844Z ) 0.457 ms
POST 400 ( /api/user/login ) ( 2023-01-11T13:34:57.845Z ) 0.437 ms
POST 400 ( /api/user/login ) ( 2023-01-11T13:34:57.846Z ) 0.472 ms
POST 400 ( /api/user/login ) ( 2023-01-11T13:34:57.847Z ) 0.441 ms
POST 400 ( /api/user/login ) ( 2023-01-11T13:34:57.850Z ) 0.457 ms
POST 400 ( /api/user/login ) ( 2023-01-11T13:34:57.851Z ) 0.441 ms
POST 400 ( /api/user/login ) ( 2023-01-11T13:34:57.853Z ) 0.508 ms
POST 400 ( /api/user/login ) ( 2023-01-11T13:34:57.855Z ) 0.586 ms
POST 400 ( /api/user/login ) ( 2023-01-11T13:34:57.857Z ) 0.461 ms
POST 400 ( /api/user/login ) ( 2023-01-11T13:34:57.858Z ) 0.457 ms
POST 400 ( /api/user/login ) ( 2023-01-11T13:34:57.860Z ) 1.273 ms
POST 400 ( /api/user/login ) ( 2023-01-11T13:34:57.861Z ) 0.448 ms
POST 400 ( /api/user/login ) ( 2023-01-11T13:34:57.865Z ) 0.593 ms
POST 400 ( /api/user/login ) ( 2023-01-11T13:34:57.867Z ) 0.470 ms
POST 400 ( /api/user/login ) ( 2023-01-11T13:34:57.874Z ) 2.934 ms
POST 400 ( /api/user/login ) ( 2023-01-11T13:34:57.877Z ) 0.987 ms
POST 400 ( /api/user/login ) ( 2023-01-11T13:34:57.884Z ) 3.282 ms
POST 400 ( /api/user/login ) ( 2023-01-11T13:34:57.890Z ) 0.797 ms
POST 400 ( /api/user/login ) ( 2023-01-11T13:34:57.893Z ) 1.611 ms
POST 400 ( /api/user/login ) ( 2023-01-11T13:34:57.895Z ) 0.457 ms
POST 400 ( /api/user/login ) ( 2023-01-11T13:34:57.900Z ) 0.976 ms
POST 400 ( /api/user/login ) ( 2023-01-11T13:34:57.912Z ) 8.803 ms
POST 400 ( /api/user/login ) ( 2023-01-11T13:34:57.914Z ) 0.467 ms
POST 400 ( /api/user/login ) ( 2023-01-11T13:34:57.918Z ) 0.841 ms
POST 400 ( /api/user/login ) ( 2023-01-11T13:34:57.923Z ) 1.837 ms
POST 400 ( /api/user/login ) ( 2023-01-11T13:34:57.927Z ) 2.223 ms
POST 400 ( /api/user/login ) ( 2023-01-11T13:34:57.956Z ) 1.781 ms
POST 400 ( /api/user/login ) ( 2023-01-11T13:34:57.965Z ) 0.479 ms
POST 400 ( /api/user/login ) ( 2023-01-11T13:34:57.966Z ) 0.399 ms
POST 400 ( /api/user/login ) ( 2023-01-11T13:34:57.969Z ) 0.628 ms
POST 400 ( /api/user/login ) ( 2023-01-11T13:34:57.975Z ) 0.764 ms
POST 400 ( /api/user/login ) ( 2023-01-11T13:34:57.977Z ) 0.497 ms
POST 400 ( /api/user/login ) ( 2023-01-11T13:34:57.979Z ) 0.523 ms
OPTIONS 200 ( /api/user/login ) ( 2023-01-11T13:35:13.703Z ) 0.207 ms
OPTIONS 200 ( /api/user/login ) ( 2023-01-11T13:35:13.704Z ) 0.166 ms
POST 400 ( /api/user/login ) ( 2023-01-11T13:35:13.710Z ) 0.503 ms
POST 400 ( /api/user/login ) ( 2023-01-11T13:35:13.711Z ) 0.481 ms
POST 400 ( /api/user/login ) ( 2023-01-11T13:35:13.712Z ) 0.474 ms
POST 400 ( /api/user/login ) ( 2023-01-11T13:35:13.714Z ) 0.463 ms
POST 400 ( /api/user/login ) ( 2023-01-11T13:35:13.716Z ) 0.464 ms
POST 400 ( /api/user/login ) ( 2023-01-11T13:35:13.719Z ) 0.552 ms
POST 400 ( /api/user/login ) ( 2023-01-11T13:35:13.721Z ) 0.568 ms
POST 400 ( /api/user/login ) ( 2023-01-11T13:35:13.723Z ) 0.536 ms
POST 400 ( /api/user/login ) ( 2023-01-11T13:35:13.725Z ) 0.438 ms
POST 400 ( /api/user/login ) ( 2023-01-11T13:35:13.730Z ) 1.997 ms
POST 400 ( /api/user/login ) ( 2023-01-11T13:35:13.731Z ) 0.428 ms
POST 400 ( /api/user/login ) ( 2023-01-11T13:35:13.733Z ) 0.443 ms
POST 400 ( /api/user/login ) ( 2023-01-11T13:35:13.735Z ) 0.677 ms
POST 400 ( /api/user/login ) ( 2023-01-11T13:35:13.736Z ) 0.471 ms
POST 400 ( /api/user/login ) ( 2023-01-11T13:35:13.740Z ) 0.475 ms
POST 400 ( /api/user/login ) ( 2023-01-11T13:35:13.742Z ) 0.689 ms
POST 400 ( /api/user/login ) ( 2023-01-11T13:35:13.745Z ) 0.458 ms
POST 400 ( /api/user/login ) ( 2023-01-11T13:35:13.746Z ) 0.481 ms
POST 400 ( /api/user/login ) ( 2023-01-11T13:35:13.749Z ) 0.499 ms
POST 400 ( /api/user/login ) ( 2023-01-11T13:35:13.752Z ) 0.462 ms
POST 400 ( /api/user/login ) ( 2023-01-11T13:35:13.753Z ) 0.464 ms
POST 400 ( /api/user/login ) ( 2023-01-11T13:35:13.755Z ) 0.451 ms
POST 400 ( /api/user/login ) ( 2023-01-11T13:35:13.756Z ) 0.460 ms
POST 400 ( /api/user/login ) ( 2023-01-11T13:35:13.762Z ) 0.515 ms
POST 400 ( /api/user/login ) ( 2023-01-11T13:35:13.766Z ) 0.475 ms
POST 400 ( /api/user/login ) ( 2023-01-11T13:35:13.769Z ) 0.577 ms
POST 400 ( /api/user/login ) ( 2023-01-11T13:35:13.771Z ) 0.487 ms
POST 400 ( /api/user/login ) ( 2023-01-11T13:35:13.775Z ) 0.643 ms
POST 400 ( /api/user/login ) ( 2023-01-11T13:35:13.781Z ) 0.495 ms
POST 400 ( /api/user/login ) ( 2023-01-11T13:35:13.783Z ) 1.631 ms
POST 400 ( /api/user/login ) ( 2023-01-11T13:35:13.785Z ) 0.505 ms
POST 400 ( /api/user/login ) ( 2023-01-11T13:35:13.786Z ) 0.479 ms
POST 400 ( /api/user/login ) ( 2023-01-11T13:35:13.794Z ) 0.495 ms
POST 400 ( /api/user/login ) ( 2023-01-11T13:35:13.799Z ) 0.812 ms
POST 400 ( /api/user/login ) ( 2023-01-11T13:35:13.804Z ) 0.514 ms
POST 400 ( /api/user/login ) ( 2023-01-11T13:35:13.809Z ) 0.500 ms
POST 400 ( /api/user/login ) ( 2023-01-11T13:35:13.815Z ) 0.719 ms
POST 400 ( /api/user/login ) ( 2023-01-11T13:35:13.816Z ) 0.464 ms
POST 400 ( /api/user/login ) ( 2023-01-11T13:35:13.820Z ) 0.479 ms
POST 400 ( /api/user/login ) ( 2023-01-11T13:35:13.824Z ) 0.640 ms
POST 400 ( /api/user/login ) ( 2023-01-11T13:35:13.828Z ) 0.484 ms
POST 400 ( /api/user/login ) ( 2023-01-11T13:35:13.832Z ) 0.452 ms
POST 400 ( /api/user/login ) ( 2023-01-11T13:35:13.835Z ) 1.206 ms
POST 400 ( /api/user/login ) ( 2023-01-11T13:35:13.839Z ) 0.506 ms
POST 400 ( /api/user/login ) ( 2023-01-11T13:35:13.842Z ) 0.520 ms
POST 400 ( /api/user/login ) ( 2023-01-11T13:35:13.846Z ) 0.594 ms
POST 400 ( /api/user/login ) ( 2023-01-11T13:35:13.849Z ) 0.464 ms
POST 400 ( /api/user/login ) ( 2023-01-11T13:35:13.851Z ) 0.452 ms
POST 400 ( /api/user/login ) ( 2023-01-11T13:35:13.853Z ) 0.454 ms
POST 400 ( /api/user/login ) ( 2023-01-11T13:35:13.857Z ) 0.482 ms
POST 400 ( /api/user/login ) ( 2023-01-11T13:35:13.860Z ) 0.455 ms
POST 400 ( /api/user/login ) ( 2023-01-11T13:35:13.863Z ) 0.460 ms
POST 400 ( /api/user/login ) ( 2023-01-11T13:35:13.866Z ) 0.477 ms
POST 400 ( /api/user/login ) ( 2023-01-11T13:35:13.869Z ) 0.464 ms
POST 400 ( /api/user/login ) ( 2023-01-11T13:35:13.872Z ) 0.459 ms
POST 400 ( /api/user/login ) ( 2023-01-11T13:35:13.875Z ) 1.169 ms
POST 400 ( /api/user/login ) ( 2023-01-11T13:35:13.879Z ) 0.528 ms
POST 400 ( /api/user/login ) ( 2023-01-11T13:35:13.881Z ) 0.464 ms
POST 400 ( /api/user/login ) ( 2023-01-11T13:35:13.883Z ) 0.452 ms
POST 400 ( /api/user/login ) ( 2023-01-11T13:35:13.885Z ) 0.471 ms
POST 400 ( /api/user/login ) ( 2023-01-11T13:35:13.888Z ) 0.462 ms
POST 400 ( /api/user/login ) ( 2023-01-11T13:35:13.891Z ) 0.500 ms
POST 400 ( /api/user/login ) ( 2023-01-11T13:35:13.894Z ) 0.542 ms
POST 400 ( /api/user/login ) ( 2023-01-11T13:35:13.897Z ) 0.459 ms
POST 400 ( /api/user/login ) ( 2023-01-11T13:35:13.899Z ) 0.455 ms
POST 400 ( /api/user/login ) ( 2023-01-11T13:35:13.901Z ) 0.449 ms
POST 400 ( /api/user/login ) ( 2023-01-11T13:35:13.903Z ) 0.448 ms
POST 400 ( /api/user/login ) ( 2023-01-11T13:35:13.908Z ) 1.195 ms
POST 400 ( /api/user/login ) ( 2023-01-11T13:35:13.912Z ) 0.566 ms
POST 400 ( /api/user/login ) ( 2023-01-11T13:35:13.914Z ) 0.513 ms
POST 400 ( /api/user/login ) ( 2023-01-11T13:35:13.917Z ) 0.454 ms
POST 400 ( /api/user/login ) ( 2023-01-11T13:35:13.919Z ) 0.682 ms
POST 400 ( /api/user/login ) ( 2023-01-11T13:35:13.921Z ) 1.029 ms
POST 400 ( /api/user/login ) ( 2023-01-11T13:35:13.923Z ) 0.478 ms
POST 400 ( /api/user/login ) ( 2023-01-11T13:35:13.928Z ) 2.816 ms
POST 400 ( /api/user/login ) ( 2023-01-11T13:35:13.930Z ) 1.095 ms
POST 400 ( /api/user/login ) ( 2023-01-11T13:35:13.933Z ) 0.520 ms
POST 400 ( /api/user/login ) ( 2023-01-11T13:35:13.936Z ) 1.003 ms
POST 400 ( /api/user/login ) ( 2023-01-11T13:35:13.938Z ) 1.001 ms
POST 400 ( /api/user/login ) ( 2023-01-11T13:35:13.940Z ) 0.547 ms
POST 400 ( /api/user/login ) ( 2023-01-11T13:35:13.943Z ) 1.114 ms
POST 400 ( /api/user/login ) ( 2023-01-11T13:35:13.950Z ) 1.194 ms
POST 400 ( /api/user/login ) ( 2023-01-11T13:35:13.952Z ) 0.494 ms
POST 400 ( /api/user/login ) ( 2023-01-11T13:35:13.953Z ) 0.455 ms
POST 400 ( /api/user/login ) ( 2023-01-11T13:35:13.956Z ) 0.564 ms
POST 400 ( /api/user/login ) ( 2023-01-11T13:35:13.959Z ) 1.897 ms
POST 400 ( /api/user/login ) ( 2023-01-11T13:35:13.961Z ) 0.461 ms
POST 400 ( /api/user/login ) ( 2023-01-11T13:35:13.964Z ) 0.539 ms
POST 400 ( /api/user/login ) ( 2023-01-11T13:35:13.966Z ) 1.413 ms
POST 400 ( /api/user/login ) ( 2023-01-11T13:35:13.969Z ) 0.454 ms
POST 400 ( /api/user/login ) ( 2023-01-11T13:35:13.970Z ) 0.453 ms
POST 400 ( /api/user/login ) ( 2023-01-11T13:35:13.973Z ) 1.447 ms
POST 400 ( /api/user/login ) ( 2023-01-11T13:35:13.977Z ) 0.642 ms
POST 400 ( /api/user/login ) ( 2023-01-11T13:35:13.980Z ) 0.565 ms
POST 400 ( /api/user/login ) ( 2023-01-11T13:35:14.020Z ) 2.630 ms
POST 400 ( /api/user/login ) ( 2023-01-11T13:35:14.061Z ) 4.711 ms
POST 400 ( /api/user/login ) ( 2023-01-11T13:35:14.077Z ) 3.190 ms
POST 400 ( /api/user/login ) ( 2023-01-11T13:35:14.085Z ) 2.197 ms
POST 400 ( /api/user/login ) ( 2023-01-11T13:35:14.093Z ) 1.672 ms
POST 400 ( /api/user/login ) ( 2023-01-11T13:35:14.101Z ) 0.546 ms
POST 400 ( /api/user/login ) ( 2023-01-11T13:35:14.111Z ) 1.972 ms
POST 400 ( /api/user/login ) ( 2023-01-11T13:35:14.116Z ) 2.204 ms
POST 400 ( /api/user/login ) ( 2023-01-11T13:35:14.120Z ) 0.859 ms
POST 400 ( /api/user/login ) ( 2023-01-11T13:35:14.121Z ) 0.495 ms
OPTIONS 200 ( /api/user/login ) ( 2023-01-11T13:35:44.932Z ) 0.217 ms
OPTIONS 200 ( /api/user/login ) ( 2023-01-11T13:35:44.933Z ) 0.172 ms
POST 400 ( /api/user/login ) ( 2023-01-11T13:35:44.935Z ) 0.474 ms
POST 400 ( /api/user/login ) ( 2023-01-11T13:35:44.936Z ) 0.411 ms
POST 400 ( /api/user/login ) ( 2023-01-11T13:35:44.937Z ) 0.398 ms
POST 400 ( /api/user/login ) ( 2023-01-11T13:35:44.940Z ) 0.403 ms
POST 400 ( /api/user/login ) ( 2023-01-11T13:35:44.941Z ) 0.386 ms
POST 400 ( /api/user/login ) ( 2023-01-11T13:35:44.945Z ) 0.489 ms
POST 400 ( /api/user/login ) ( 2023-01-11T13:35:44.946Z ) 0.613 ms
POST 400 ( /api/user/login ) ( 2023-01-11T13:35:44.950Z ) 0.456 ms
POST 400 ( /api/user/login ) ( 2023-01-11T13:35:44.952Z ) 0.448 ms
POST 400 ( /api/user/login ) ( 2023-01-11T13:35:44.956Z ) 0.485 ms
POST 400 ( /api/user/login ) ( 2023-01-11T13:35:44.957Z ) 0.443 ms
POST 400 ( /api/user/login ) ( 2023-01-11T13:35:44.961Z ) 1.201 ms
POST 400 ( /api/user/login ) ( 2023-01-11T13:35:44.963Z ) 1.270 ms
POST 400 ( /api/user/login ) ( 2023-01-11T13:35:44.965Z ) 0.522 ms
POST 400 ( /api/user/login ) ( 2023-01-11T13:35:44.967Z ) 0.545 ms
POST 400 ( /api/user/login ) ( 2023-01-11T13:35:44.971Z ) 0.600 ms
POST 400 ( /api/user/login ) ( 2023-01-11T13:35:44.974Z ) 0.514 ms
POST 400 ( /api/user/login ) ( 2023-01-11T13:35:44.977Z ) 0.890 ms
POST 400 ( /api/user/login ) ( 2023-01-11T13:35:44.980Z ) 0.683 ms
POST 400 ( /api/user/login ) ( 2023-01-11T13:35:44.982Z ) 0.445 ms
POST 400 ( /api/user/login ) ( 2023-01-11T13:35:44.984Z ) 0.572 ms
POST 400 ( /api/user/login ) ( 2023-01-11T13:35:44.987Z ) 0.493 ms
POST 400 ( /api/user/login ) ( 2023-01-11T13:35:44.989Z ) 0.446 ms
POST 400 ( /api/user/login ) ( 2023-01-11T13:35:44.991Z ) 0.445 ms
POST 400 ( /api/user/login ) ( 2023-01-11T13:35:44.997Z ) 1.598 ms
POST 400 ( /api/user/login ) ( 2023-01-11T13:35:44.999Z ) 0.610 ms
POST 400 ( /api/user/login ) ( 2023-01-11T13:35:45.001Z ) 0.487 ms
POST 400 ( /api/user/login ) ( 2023-01-11T13:35:45.003Z ) 0.525 ms
POST 400 ( /api/user/login ) ( 2023-01-11T13:35:45.006Z ) 0.745 ms
POST 400 ( /api/user/login ) ( 2023-01-11T13:35:45.007Z ) 0.459 ms
POST 400 ( /api/user/login ) ( 2023-01-11T13:35:45.009Z ) 0.539 ms
POST 400 ( /api/user/login ) ( 2023-01-11T13:35:45.011Z ) 0.618 ms
POST 400 ( /api/user/login ) ( 2023-01-11T13:35:45.014Z ) 0.556 ms
POST 400 ( /api/user/login ) ( 2023-01-11T13:35:45.016Z ) 0.448 ms
POST 400 ( /api/user/login ) ( 2023-01-11T13:35:45.024Z ) 0.552 ms
POST 400 ( /api/user/login ) ( 2023-01-11T13:35:45.025Z ) 0.519 ms
POST 400 ( /api/user/login ) ( 2023-01-11T13:35:45.028Z ) 0.577 ms
POST 400 ( /api/user/login ) ( 2023-01-11T13:35:45.030Z ) 1.215 ms
POST 400 ( /api/user/login ) ( 2023-01-11T13:35:45.033Z ) 0.452 ms
POST 400 ( /api/user/login ) ( 2023-01-11T13:35:45.035Z ) 0.517 ms
POST 400 ( /api/user/login ) ( 2023-01-11T13:35:45.037Z ) 0.775 ms
POST 400 ( /api/user/login ) ( 2023-01-11T13:35:45.039Z ) 0.481 ms
POST 400 ( /api/user/login ) ( 2023-01-11T13:35:45.042Z ) 0.535 ms
POST 400 ( /api/user/login ) ( 2023-01-11T13:35:45.044Z ) 0.581 ms
POST 400 ( /api/user/login ) ( 2023-01-11T13:35:45.047Z ) 2.186 ms
POST 400 ( /api/user/login ) ( 2023-01-11T13:35:45.049Z ) 0.602 ms
POST 400 ( /api/user/login ) ( 2023-01-11T13:35:45.051Z ) 0.489 ms
POST 400 ( /api/user/login ) ( 2023-01-11T13:35:45.055Z ) 0.510 ms
POST 400 ( /api/user/login ) ( 2023-01-11T13:35:45.056Z ) 0.476 ms
POST 400 ( /api/user/login ) ( 2023-01-11T13:35:45.058Z ) 0.444 ms
POST 400 ( /api/user/login ) ( 2023-01-11T13:35:45.060Z ) 0.744 ms
POST 400 ( /api/user/login ) ( 2023-01-11T13:35:45.064Z ) 0.627 ms
POST 400 ( /api/user/login ) ( 2023-01-11T13:35:45.066Z ) 0.480 ms
POST 400 ( /api/user/login ) ( 2023-01-11T13:35:45.068Z ) 0.460 ms
POST 400 ( /api/user/login ) ( 2023-01-11T13:35:45.071Z ) 0.601 ms
POST 400 ( /api/user/login ) ( 2023-01-11T13:35:45.072Z ) 0.600 ms
POST 400 ( /api/user/login ) ( 2023-01-11T13:35:45.074Z ) 0.479 ms
POST 400 ( /api/user/login ) ( 2023-01-11T13:35:45.078Z ) 0.584 ms
POST 400 ( /api/user/login ) ( 2023-01-11T13:35:45.080Z ) 0.438 ms
POST 400 ( /api/user/login ) ( 2023-01-11T13:35:45.082Z ) 0.449 ms
POST 400 ( /api/user/login ) ( 2023-01-11T13:35:45.085Z ) 0.444 ms
POST 400 ( /api/user/login ) ( 2023-01-11T13:35:45.087Z ) 0.446 ms
POST 400 ( /api/user/login ) ( 2023-01-11T13:35:45.089Z ) 0.553 ms
POST 400 ( /api/user/login ) ( 2023-01-11T13:35:45.092Z ) 0.445 ms
POST 400 ( /api/user/login ) ( 2023-01-11T13:35:45.094Z ) 0.463 ms
POST 400 ( /api/user/login ) ( 2023-01-11T13:35:45.097Z ) 0.458 ms
POST 400 ( /api/user/login ) ( 2023-01-11T13:35:45.098Z ) 0.570 ms
POST 400 ( /api/user/login ) ( 2023-01-11T13:35:45.101Z ) 0.528 ms
POST 400 ( /api/user/login ) ( 2023-01-11T13:35:45.105Z ) 0.489 ms
POST 400 ( /api/user/login ) ( 2023-01-11T13:35:45.109Z ) 0.589 ms
POST 400 ( /api/user/login ) ( 2023-01-11T13:35:45.113Z ) 0.878 ms
POST 400 ( /api/user/login ) ( 2023-01-11T13:35:45.114Z ) 0.500 ms
POST 400 ( /api/user/login ) ( 2023-01-11T13:35:45.119Z ) 0.457 ms
POST 400 ( /api/user/login ) ( 2023-01-11T13:35:45.121Z ) 0.445 ms
POST 400 ( /api/user/login ) ( 2023-01-11T13:35:45.124Z ) 0.454 ms
POST 400 ( /api/user/login ) ( 2023-01-11T13:35:45.126Z ) 0.694 ms
POST 400 ( /api/user/login ) ( 2023-01-11T13:35:45.128Z ) 0.596 ms
POST 400 ( /api/user/login ) ( 2023-01-11T13:35:45.134Z ) 0.488 ms
POST 400 ( /api/user/login ) ( 2023-01-11T13:35:45.136Z ) 0.760 ms
POST 400 ( /api/user/login ) ( 2023-01-11T13:35:45.151Z ) 0.634 ms
POST 400 ( /api/user/login ) ( 2023-01-11T13:35:45.152Z ) 0.430 ms
POST 400 ( /api/user/login ) ( 2023-01-11T13:35:45.156Z ) 0.419 ms
POST 400 ( /api/user/login ) ( 2023-01-11T13:35:45.158Z ) 0.419 ms
POST 400 ( /api/user/login ) ( 2023-01-11T13:35:45.163Z ) 1.792 ms
POST 400 ( /api/user/login ) ( 2023-01-11T13:35:45.166Z ) 0.406 ms
POST 400 ( /api/user/login ) ( 2023-01-11T13:35:45.168Z ) 0.403 ms
POST 400 ( /api/user/login ) ( 2023-01-11T13:35:45.172Z ) 0.405 ms
POST 400 ( /api/user/login ) ( 2023-01-11T13:35:45.179Z ) 0.565 ms
POST 400 ( /api/user/login ) ( 2023-01-11T13:35:45.180Z ) 0.405 ms
POST 400 ( /api/user/login ) ( 2023-01-11T13:35:45.185Z ) 0.612 ms
POST 400 ( /api/user/login ) ( 2023-01-11T13:35:45.188Z ) 0.431 ms
POST 400 ( /api/user/login ) ( 2023-01-11T13:35:45.265Z ) 66.058 ms
POST 400 ( /api/user/login ) ( 2023-01-11T13:35:45.290Z ) 0.572 ms
POST 400 ( /api/user/login ) ( 2023-01-11T13:35:45.297Z ) 4.320 ms
POST 400 ( /api/user/login ) ( 2023-01-11T13:35:45.300Z ) 0.495 ms
POST 400 ( /api/user/login ) ( 2023-01-11T13:35:45.305Z ) 0.482 ms
POST 400 ( /api/user/login ) ( 2023-01-11T13:35:45.315Z ) 1.892 ms
POST 400 ( /api/user/login ) ( 2023-01-11T13:35:45.321Z ) 0.464 ms
POST 400 ( /api/user/login ) ( 2023-01-11T13:35:45.323Z ) 0.470 ms
POST 400 ( /api/user/login ) ( 2023-01-11T13:35:45.326Z ) 1.449 ms
POST 400 ( /api/user/login ) ( 2023-01-11T13:35:45.327Z ) 0.784 ms
POST 400 ( /api/user/login ) ( 2023-01-11T13:35:45.331Z ) 0.678 ms
POST 400 ( /api/user/login ) ( 2023-01-11T13:35:45.333Z ) 1.183 ms
POST 400 ( /api/user/login ) ( 2023-01-11T13:35:45.335Z ) 0.428 ms
OPTIONS 200 ( /api/user/login ) ( 2023-01-11T13:36:01.013Z ) 0.468 ms
OPTIONS 200 ( /api/user/login ) ( 2023-01-11T13:36:01.016Z ) 0.199 ms
POST 400 ( /api/user/login ) ( 2023-01-11T13:36:01.021Z ) 0.690 ms
POST 400 ( /api/user/login ) ( 2023-01-11T13:36:01.022Z ) 0.496 ms
POST 400 ( /api/user/login ) ( 2023-01-11T13:36:01.025Z ) 0.500 ms
POST 400 ( /api/user/login ) ( 2023-01-11T13:36:01.029Z ) 0.455 ms
POST 400 ( /api/user/login ) ( 2023-01-11T13:36:01.030Z ) 0.458 ms
POST 400 ( /api/user/login ) ( 2023-01-11T13:36:01.034Z ) 0.450 ms
POST 400 ( /api/user/login ) ( 2023-01-11T13:36:01.038Z ) 0.504 ms
POST 400 ( /api/user/login ) ( 2023-01-11T13:36:01.040Z ) 0.408 ms
POST 400 ( /api/user/login ) ( 2023-01-11T13:36:01.041Z ) 0.377 ms
POST 400 ( /api/user/login ) ( 2023-01-11T13:36:01.045Z ) 0.423 ms
POST 400 ( /api/user/login ) ( 2023-01-11T13:36:01.046Z ) 0.512 ms
POST 400 ( /api/user/login ) ( 2023-01-11T13:36:01.051Z ) 1.113 ms
POST 400 ( /api/user/login ) ( 2023-01-11T13:36:01.052Z ) 0.810 ms
POST 400 ( /api/user/login ) ( 2023-01-11T13:36:01.054Z ) 0.549 ms
POST 400 ( /api/user/login ) ( 2023-01-11T13:36:01.055Z ) 0.462 ms
POST 400 ( /api/user/login ) ( 2023-01-11T13:36:01.058Z ) 0.441 ms
POST 400 ( /api/user/login ) ( 2023-01-11T13:36:01.061Z ) 0.508 ms
POST 400 ( /api/user/login ) ( 2023-01-11T13:36:01.062Z ) 0.464 ms
POST 400 ( /api/user/login ) ( 2023-01-11T13:36:01.065Z ) 1.351 ms
POST 400 ( /api/user/login ) ( 2023-01-11T13:36:01.066Z ) 0.479 ms
POST 400 ( /api/user/login ) ( 2023-01-11T13:36:01.069Z ) 0.438 ms
POST 400 ( /api/user/login ) ( 2023-01-11T13:36:01.072Z ) 0.475 ms
POST 400 ( /api/user/login ) ( 2023-01-11T13:36:01.074Z ) 0.581 ms
POST 400 ( /api/user/login ) ( 2023-01-11T13:36:01.076Z ) 0.783 ms
POST 400 ( /api/user/login ) ( 2023-01-11T13:36:01.078Z ) 0.441 ms
POST 400 ( /api/user/login ) ( 2023-01-11T13:36:01.082Z ) 0.604 ms
POST 400 ( /api/user/login ) ( 2023-01-11T13:36:01.083Z ) 0.468 ms
POST 400 ( /api/user/login ) ( 2023-01-11T13:36:01.084Z ) 0.674 ms
POST 400 ( /api/user/login ) ( 2023-01-11T13:36:01.086Z ) 0.461 ms
POST 400 ( /api/user/login ) ( 2023-01-11T13:36:01.090Z ) 0.464 ms
POST 400 ( /api/user/login ) ( 2023-01-11T13:36:01.093Z ) 0.645 ms
POST 400 ( /api/user/login ) ( 2023-01-11T13:36:01.094Z ) 0.442 ms
POST 400 ( /api/user/login ) ( 2023-01-11T13:36:01.097Z ) 0.545 ms
POST 400 ( /api/user/login ) ( 2023-01-11T13:36:01.099Z ) 0.759 ms
POST 400 ( /api/user/login ) ( 2023-01-11T13:36:01.103Z ) 0.507 ms
POST 400 ( /api/user/login ) ( 2023-01-11T13:36:01.107Z ) 0.628 ms
POST 400 ( /api/user/login ) ( 2023-01-11T13:36:01.108Z ) 0.586 ms
POST 400 ( /api/user/login ) ( 2023-01-11T13:36:01.110Z ) 0.580 ms
POST 400 ( /api/user/login ) ( 2023-01-11T13:36:01.136Z ) 0.657 ms
POST 400 ( /api/user/login ) ( 2023-01-11T13:36:01.138Z ) 0.454 ms
POST 400 ( /api/user/login ) ( 2023-01-11T13:36:01.141Z ) 0.450 ms
POST 400 ( /api/user/login ) ( 2023-01-11T13:36:01.144Z ) 0.443 ms
POST 400 ( /api/user/login ) ( 2023-01-11T13:36:01.146Z ) 0.465 ms
POST 400 ( /api/user/login ) ( 2023-01-11T13:36:01.149Z ) 0.482 ms
POST 400 ( /api/user/login ) ( 2023-01-11T13:36:01.152Z ) 0.693 ms
POST 400 ( /api/user/login ) ( 2023-01-11T13:36:01.155Z ) 0.456 ms
POST 400 ( /api/user/login ) ( 2023-01-11T13:36:01.159Z ) 0.458 ms
POST 400 ( /api/user/login ) ( 2023-01-11T13:36:01.160Z ) 0.441 ms
POST 400 ( /api/user/login ) ( 2023-01-11T13:36:01.163Z ) 0.504 ms
POST 400 ( /api/user/login ) ( 2023-01-11T13:36:01.166Z ) 0.468 ms
POST 400 ( /api/user/login ) ( 2023-01-11T13:36:01.169Z ) 0.453 ms
POST 400 ( /api/user/login ) ( 2023-01-11T13:36:01.171Z ) 0.454 ms
POST 400 ( /api/user/login ) ( 2023-01-11T13:36:01.174Z ) 0.446 ms
POST 400 ( /api/user/login ) ( 2023-01-11T13:36:01.175Z ) 0.469 ms
POST 400 ( /api/user/login ) ( 2023-01-11T13:36:01.178Z ) 0.444 ms
POST 400 ( /api/user/login ) ( 2023-01-11T13:36:01.179Z ) 0.534 ms
POST 400 ( /api/user/login ) ( 2023-01-11T13:36:01.184Z ) 0.450 ms
POST 400 ( /api/user/login ) ( 2023-01-11T13:36:01.186Z ) 0.453 ms
POST 400 ( /api/user/login ) ( 2023-01-11T13:36:01.188Z ) 0.465 ms
POST 400 ( /api/user/login ) ( 2023-01-11T13:36:01.190Z ) 0.463 ms
POST 400 ( /api/user/login ) ( 2023-01-11T13:36:01.192Z ) 0.448 ms
POST 400 ( /api/user/login ) ( 2023-01-11T13:36:01.195Z ) 0.452 ms
POST 400 ( /api/user/login ) ( 2023-01-11T13:36:01.197Z ) 0.442 ms
POST 400 ( /api/user/login ) ( 2023-01-11T13:36:01.200Z ) 0.446 ms
POST 400 ( /api/user/login ) ( 2023-01-11T13:36:01.201Z ) 0.449 ms
POST 400 ( /api/user/login ) ( 2023-01-11T13:36:01.205Z ) 0.476 ms
POST 400 ( /api/user/login ) ( 2023-01-11T13:36:01.206Z ) 0.441 ms
POST 400 ( /api/user/login ) ( 2023-01-11T13:36:01.209Z ) 0.442 ms
POST 400 ( /api/user/login ) ( 2023-01-11T13:36:01.210Z ) 0.433 ms
POST 400 ( /api/user/login ) ( 2023-01-11T13:36:01.213Z ) 0.443 ms
POST 400 ( /api/user/login ) ( 2023-01-11T13:36:01.216Z ) 1.057 ms
POST 400 ( /api/user/login ) ( 2023-01-11T13:36:01.217Z ) 0.436 ms
POST 400 ( /api/user/login ) ( 2023-01-11T13:36:01.220Z ) 0.469 ms
POST 400 ( /api/user/login ) ( 2023-01-11T13:36:01.223Z ) 0.452 ms
POST 400 ( /api/user/login ) ( 2023-01-11T13:36:01.224Z ) 0.450 ms
POST 400 ( /api/user/login ) ( 2023-01-11T13:36:01.227Z ) 0.445 ms
POST 400 ( /api/user/login ) ( 2023-01-11T13:36:01.229Z ) 0.449 ms
POST 400 ( /api/user/login ) ( 2023-01-11T13:36:01.232Z ) 0.454 ms
POST 400 ( /api/user/login ) ( 2023-01-11T13:36:01.235Z ) 0.474 ms
POST 400 ( /api/user/login ) ( 2023-01-11T13:36:01.236Z ) 0.531 ms
POST 400 ( /api/user/login ) ( 2023-01-11T13:36:01.239Z ) 0.452 ms
POST 400 ( /api/user/login ) ( 2023-01-11T13:36:01.241Z ) 0.446 ms
POST 400 ( /api/user/login ) ( 2023-01-11T13:36:01.242Z ) 0.438 ms
POST 400 ( /api/user/login ) ( 2023-01-11T13:36:01.243Z ) 0.473 ms
POST 400 ( /api/user/login ) ( 2023-01-11T13:36:01.245Z ) 0.448 ms
POST 400 ( /api/user/login ) ( 2023-01-11T13:36:01.249Z ) 0.486 ms
POST 400 ( /api/user/login ) ( 2023-01-11T13:36:01.250Z ) 0.413 ms
POST 400 ( /api/user/login ) ( 2023-01-11T13:36:01.253Z ) 0.406 ms
POST 400 ( /api/user/login ) ( 2023-01-11T13:36:01.254Z ) 0.403 ms
POST 400 ( /api/user/login ) ( 2023-01-11T13:36:01.256Z ) 0.442 ms
POST 400 ( /api/user/login ) ( 2023-01-11T13:36:01.258Z ) 0.460 ms
POST 400 ( /api/user/login ) ( 2023-01-11T13:36:01.260Z ) 0.528 ms
POST 400 ( /api/user/login ) ( 2023-01-11T13:36:01.262Z ) 0.444 ms
POST 400 ( /api/user/login ) ( 2023-01-11T13:36:01.265Z ) 0.621 ms
POST 400 ( /api/user/login ) ( 2023-01-11T13:36:01.269Z ) 0.532 ms
POST 400 ( /api/user/login ) ( 2023-01-11T13:36:01.272Z ) 0.480 ms
POST 400 ( /api/user/login ) ( 2023-01-11T13:36:01.273Z ) 0.439 ms
POST 400 ( /api/user/login ) ( 2023-01-11T13:36:01.275Z ) 1.189 ms
POST 400 ( /api/user/login ) ( 2023-01-11T13:36:01.276Z ) 0.550 ms
POST 400 ( /api/user/login ) ( 2023-01-11T13:36:01.277Z ) 0.398 ms
POST 400 ( /api/user/login ) ( 2023-01-11T13:36:01.281Z ) 0.462 ms
POST 400 ( /api/user/login ) ( 2023-01-11T13:36:01.286Z ) 0.433 ms
POST 400 ( /api/user/login ) ( 2023-01-11T13:36:01.293Z ) 0.399 ms
POST 400 ( /api/user/login ) ( 2023-01-11T13:36:01.294Z ) 0.388 ms
OPTIONS 200 ( /api/user/login ) ( 2023-01-11T13:38:11.960Z ) 0.288 ms
POST 400 ( /api/user/login ) ( 2023-01-11T13:38:11.963Z ) 1.036 ms
POST 400 ( /api/user/login ) ( 2023-01-11T13:38:11.968Z ) 0.655 ms
POST 400 ( /api/user/login ) ( 2023-01-11T13:38:11.970Z ) 1.182 ms
POST 400 ( /api/user/login ) ( 2023-01-11T13:38:11.975Z ) 0.527 ms
POST 400 ( /api/user/login ) ( 2023-01-11T13:38:11.978Z ) 1.147 ms
POST 400 ( /api/user/login ) ( 2023-01-11T13:38:11.982Z ) 0.513 ms
POST 400 ( /api/user/login ) ( 2023-01-11T13:38:11.985Z ) 0.519 ms
POST 400 ( /api/user/login ) ( 2023-01-11T13:38:11.989Z ) 0.523 ms
POST 400 ( /api/user/login ) ( 2023-01-11T13:38:11.991Z ) 0.609 ms
POST 400 ( /api/user/login ) ( 2023-01-11T13:38:11.995Z ) 0.471 ms
POST 400 ( /api/user/login ) ( 2023-01-11T13:38:11.998Z ) 1.247 ms
POST 400 ( /api/user/login ) ( 2023-01-11T13:38:12.000Z ) 0.522 ms
POST 400 ( /api/user/login ) ( 2023-01-11T13:38:12.005Z ) 0.633 ms
POST 400 ( /api/user/login ) ( 2023-01-11T13:38:12.008Z ) 0.520 ms
POST 400 ( /api/user/login ) ( 2023-01-11T13:38:12.013Z ) 0.495 ms
POST 400 ( /api/user/login ) ( 2023-01-11T13:38:12.017Z ) 0.485 ms
POST 400 ( /api/user/login ) ( 2023-01-11T13:38:12.024Z ) 0.590 ms
POST 400 ( /api/user/login ) ( 2023-01-11T13:38:12.028Z ) 0.703 ms
POST 400 ( /api/user/login ) ( 2023-01-11T13:38:12.033Z ) 0.576 ms
POST 400 ( /api/user/login ) ( 2023-01-11T13:38:12.036Z ) 0.623 ms
POST 400 ( /api/user/login ) ( 2023-01-11T13:38:12.042Z ) 0.516 ms
POST 400 ( /api/user/login ) ( 2023-01-11T13:38:12.044Z ) 0.466 ms
POST 400 ( /api/user/login ) ( 2023-01-11T13:38:12.046Z ) 0.460 ms
POST 400 ( /api/user/login ) ( 2023-01-11T13:38:12.050Z ) 0.529 ms
POST 400 ( /api/user/login ) ( 2023-01-11T13:38:12.052Z ) 1.260 ms
POST 400 ( /api/user/login ) ( 2023-01-11T13:38:12.058Z ) 0.482 ms
POST 400 ( /api/user/login ) ( 2023-01-11T13:38:12.060Z ) 0.460 ms
POST 400 ( /api/user/login ) ( 2023-01-11T13:38:12.064Z ) 0.591 ms
POST 400 ( /api/user/login ) ( 2023-01-11T13:38:12.067Z ) 0.553 ms
POST 400 ( /api/user/login ) ( 2023-01-11T13:38:12.074Z ) 0.500 ms
POST 400 ( /api/user/login ) ( 2023-01-11T13:38:12.075Z ) 0.461 ms
POST 400 ( /api/user/login ) ( 2023-01-11T13:38:12.082Z ) 0.491 ms
POST 400 ( /api/user/login ) ( 2023-01-11T13:38:12.083Z ) 0.504 ms
POST 400 ( /api/user/login ) ( 2023-01-11T13:38:12.085Z ) 0.712 ms
POST 400 ( /api/user/login ) ( 2023-01-11T13:38:12.089Z ) 0.468 ms
POST 400 ( /api/user/login ) ( 2023-01-11T13:38:12.093Z ) 1.289 ms
POST 400 ( /api/user/login ) ( 2023-01-11T13:38:12.097Z ) 0.521 ms
POST 400 ( /api/user/login ) ( 2023-01-11T13:38:12.098Z ) 0.499 ms
POST 400 ( /api/user/login ) ( 2023-01-11T13:38:12.101Z ) 0.504 ms
POST 400 ( /api/user/login ) ( 2023-01-11T13:38:12.105Z ) 0.534 ms
POST 400 ( /api/user/login ) ( 2023-01-11T13:38:12.107Z ) 0.507 ms
POST 400 ( /api/user/login ) ( 2023-01-11T13:38:12.110Z ) 0.454 ms
POST 400 ( /api/user/login ) ( 2023-01-11T13:38:12.113Z ) 0.493 ms
POST 400 ( /api/user/login ) ( 2023-01-11T13:38:12.114Z ) 0.481 ms
POST 400 ( /api/user/login ) ( 2023-01-11T13:38:12.116Z ) 0.473 ms
POST 400 ( /api/user/login ) ( 2023-01-11T13:38:12.118Z ) 0.475 ms
POST 400 ( /api/user/login ) ( 2023-01-11T13:38:12.120Z ) 0.482 ms
POST 400 ( /api/user/login ) ( 2023-01-11T13:38:12.124Z ) 0.467 ms
POST 400 ( /api/user/login ) ( 2023-01-11T13:38:12.125Z ) 0.467 ms
POST 400 ( /api/user/login ) ( 2023-01-11T13:38:12.128Z ) 0.504 ms
POST 400 ( /api/user/login ) ( 2023-01-11T13:38:12.130Z ) 0.537 ms
POST 400 ( /api/user/login ) ( 2023-01-11T13:38:12.132Z ) 0.457 ms
POST 400 ( /api/user/login ) ( 2023-01-11T13:38:12.134Z ) 0.513 ms
POST 400 ( /api/user/login ) ( 2023-01-11T13:38:12.139Z ) 0.554 ms
POST 400 ( /api/user/login ) ( 2023-01-11T13:38:12.142Z ) 0.562 ms
POST 400 ( /api/user/login ) ( 2023-01-11T13:38:12.144Z ) 0.494 ms
POST 400 ( /api/user/login ) ( 2023-01-11T13:38:12.145Z ) 0.443 ms
POST 400 ( /api/user/login ) ( 2023-01-11T13:38:12.147Z ) 0.455 ms
POST 400 ( /api/user/login ) ( 2023-01-11T13:38:12.150Z ) 0.544 ms
POST 400 ( /api/user/login ) ( 2023-01-11T13:38:12.151Z ) 0.530 ms
POST 400 ( /api/user/login ) ( 2023-01-11T13:38:12.154Z ) 1.842 ms
POST 400 ( /api/user/login ) ( 2023-01-11T13:38:12.157Z ) 0.488 ms
POST 400 ( /api/user/login ) ( 2023-01-11T13:38:12.159Z ) 0.455 ms
POST 400 ( /api/user/login ) ( 2023-01-11T13:38:12.161Z ) 0.518 ms
POST 400 ( /api/user/login ) ( 2023-01-11T13:38:12.162Z ) 0.452 ms
POST 400 ( /api/user/login ) ( 2023-01-11T13:38:12.164Z ) 0.458 ms
POST 400 ( /api/user/login ) ( 2023-01-11T13:38:12.167Z ) 0.445 ms
POST 400 ( /api/user/login ) ( 2023-01-11T13:38:12.168Z ) 0.486 ms
POST 400 ( /api/user/login ) ( 2023-01-11T13:38:12.170Z ) 0.472 ms
POST 400 ( /api/user/login ) ( 2023-01-11T13:38:12.173Z ) 0.460 ms
POST 400 ( /api/user/login ) ( 2023-01-11T13:38:12.176Z ) 0.503 ms
POST 400 ( /api/user/login ) ( 2023-01-11T13:38:12.177Z ) 0.484 ms
POST 400 ( /api/user/login ) ( 2023-01-11T13:38:12.178Z ) 0.437 ms
POST 400 ( /api/user/login ) ( 2023-01-11T13:38:12.181Z ) 1.512 ms
POST 400 ( /api/user/login ) ( 2023-01-11T13:38:12.184Z ) 0.754 ms
POST 400 ( /api/user/login ) ( 2023-01-11T13:38:12.185Z ) 0.491 ms
POST 400 ( /api/user/login ) ( 2023-01-11T13:38:12.188Z ) 1.298 ms
POST 400 ( /api/user/login ) ( 2023-01-11T13:38:12.190Z ) 0.692 ms
POST 400 ( /api/user/login ) ( 2023-01-11T13:38:12.193Z ) 0.612 ms
POST 400 ( /api/user/login ) ( 2023-01-11T13:38:12.195Z ) 1.449 ms
POST 400 ( /api/user/login ) ( 2023-01-11T13:38:12.197Z ) 0.755 ms
POST 400 ( /api/user/login ) ( 2023-01-11T13:38:12.199Z ) 1.312 ms
POST 400 ( /api/user/login ) ( 2023-01-11T13:38:12.203Z ) 1.144 ms
POST 400 ( /api/user/login ) ( 2023-01-11T13:38:12.205Z ) 0.565 ms
POST 400 ( /api/user/login ) ( 2023-01-11T13:38:12.208Z ) 1.151 ms
POST 400 ( /api/user/login ) ( 2023-01-11T13:38:12.209Z ) 0.481 ms
POST 400 ( /api/user/login ) ( 2023-01-11T13:38:12.212Z ) 1.256 ms
POST 400 ( /api/user/login ) ( 2023-01-11T13:38:12.216Z ) 1.651 ms
POST 400 ( /api/user/login ) ( 2023-01-11T13:38:12.221Z ) 0.780 ms
POST 400 ( /api/user/login ) ( 2023-01-11T13:38:12.224Z ) 1.282 ms
POST 400 ( /api/user/login ) ( 2023-01-11T13:38:12.226Z ) 0.540 ms
POST 400 ( /api/user/login ) ( 2023-01-11T13:38:12.228Z ) 0.635 ms
POST 400 ( /api/user/login ) ( 2023-01-11T13:38:12.230Z ) 0.607 ms
POST 400 ( /api/user/login ) ( 2023-01-11T13:38:12.242Z ) 6.673 ms
POST 400 ( /api/user/login ) ( 2023-01-11T13:38:12.247Z ) 0.960 ms
POST 400 ( /api/user/login ) ( 2023-01-11T13:38:12.249Z ) 0.824 ms
POST 400 ( /api/user/login ) ( 2023-01-11T13:38:12.256Z ) 3.726 ms
POST 400 ( /api/user/login ) ( 2023-01-11T13:38:12.259Z ) 1.088 ms
POST 400 ( /api/user/login ) ( 2023-01-11T13:38:12.262Z ) 1.124 ms
POST 400 ( /api/user/login ) ( 2023-01-11T13:38:12.266Z ) 1.008 ms
POST 400 ( /api/user/login ) ( 2023-01-11T13:38:12.271Z ) 2.406 ms
POST 400 ( /api/user/login ) ( 2023-01-11T13:38:12.274Z ) 1.050 ms
POST 400 ( /api/user/login ) ( 2023-01-11T13:38:12.280Z ) 1.779 ms
POST 400 ( /api/user/login ) ( 2023-01-11T13:38:12.288Z ) 2.354 ms
POST 200 ( /api/user/login ) ( 2023-01-11T13:41:32.484Z ) 93.713 ms
OPTIONS 200 ( /api/user/login ) ( 2023-01-11T13:42:16.498Z ) 0.287 ms
OPTIONS 200 ( /api/user/login ) ( 2023-01-11T13:42:16.499Z ) 0.171 ms
OPTIONS 200 ( /api/user/login ) ( 2023-01-11T13:42:16.500Z ) 0.172 ms
POST 200 ( /api/user/login ) ( 2023-01-11T13:42:17.136Z ) 631.331 ms
POST 200 ( /api/user/login ) ( 2023-01-11T13:42:17.136Z ) 627.419 ms
POST 200 ( /api/user/login ) ( 2023-01-11T13:42:17.137Z ) 629.509 ms
POST 200 ( /api/user/login ) ( 2023-01-11T13:42:17.137Z ) 626.915 ms
POST 200 ( /api/user/login ) ( 2023-01-11T13:42:17.138Z ) 625.761 ms
POST 200 ( /api/user/login ) ( 2023-01-11T13:42:17.138Z ) 632.698 ms
POST 200 ( /api/user/login ) ( 2023-01-11T13:42:17.740Z ) 597.873 ms
POST 200 ( /api/user/login ) ( 2023-01-11T13:42:17.741Z ) 597.041 ms
POST 200 ( /api/user/login ) ( 2023-01-11T13:42:17.741Z ) 592.327 ms
POST 200 ( /api/user/login ) ( 2023-01-11T13:42:17.743Z ) 592.816 ms
POST 200 ( /api/user/login ) ( 2023-01-11T13:42:17.744Z ) 596.121 ms
POST 200 ( /api/user/login ) ( 2023-01-11T13:42:17.744Z ) 598.001 ms
POST 200 ( /api/user/login ) ( 2023-01-11T13:42:17.858Z ) 110.663 ms
POST 200 ( /api/user/login ) ( 2023-01-11T13:42:18.328Z ) 576.584 ms
POST 200 ( /api/user/login ) ( 2023-01-11T13:42:18.329Z ) 583.470 ms
POST 200 ( /api/user/login ) ( 2023-01-11T13:42:18.329Z ) 576.289 ms
POST 200 ( /api/user/login ) ( 2023-01-11T13:42:18.330Z ) 575.557 ms
POST 200 ( /api/user/login ) ( 2023-01-11T13:42:18.330Z ) 581.598 ms
POST 200 ( /api/user/login ) ( 2023-01-11T13:42:18.502Z ) 175.144 ms
POST 200 ( /api/user/login ) ( 2023-01-11T13:42:18.997Z ) 564.211 ms
POST 200 ( /api/user/login ) ( 2023-01-11T13:42:18.998Z ) 562.645 ms
POST 200 ( /api/user/login ) ( 2023-01-11T13:42:18.999Z ) 560.619 ms
POST 200 ( /api/user/login ) ( 2023-01-11T13:42:18.999Z ) 559.459 ms
POST 200 ( /api/user/login ) ( 2023-01-11T13:42:19.000Z ) 558.140 ms
POST 200 ( /api/user/login ) ( 2023-01-11T13:42:19.106Z ) 110.776 ms
POST 200 ( /api/user/login ) ( 2023-01-11T13:42:19.574Z ) 472.923 ms
POST 200 ( /api/user/login ) ( 2023-01-11T13:42:19.574Z ) 471.972 ms
POST 200 ( /api/user/login ) ( 2023-01-11T13:42:19.575Z ) 471.335 ms
POST 200 ( /api/user/login ) ( 2023-01-11T13:42:19.575Z ) 471.092 ms
POST 200 ( /api/user/login ) ( 2023-01-11T13:42:19.576Z ) 470.715 ms
POST 200 ( /api/user/login ) ( 2023-01-11T13:42:19.693Z ) 121.663 ms
POST 200 ( /api/user/login ) ( 2023-01-11T13:42:20.160Z ) 481.506 ms
POST 200 ( /api/user/login ) ( 2023-01-11T13:42:20.161Z ) 481.018 ms
POST 200 ( /api/user/login ) ( 2023-01-11T13:42:20.162Z ) 480.766 ms
POST 200 ( /api/user/login ) ( 2023-01-11T13:42:20.162Z ) 480.423 ms
POST 200 ( /api/user/login ) ( 2023-01-11T13:42:20.163Z ) 479.991 ms
POST 200 ( /api/user/login ) ( 2023-01-11T13:42:20.268Z ) 109.300 ms
POST 200 ( /api/user/login ) ( 2023-01-11T13:42:20.734Z ) 472.885 ms
POST 200 ( /api/user/login ) ( 2023-01-11T13:42:20.734Z ) 471.990 ms
POST 200 ( /api/user/login ) ( 2023-01-11T13:42:20.735Z ) 470.841 ms
POST 200 ( /api/user/login ) ( 2023-01-11T13:42:20.735Z ) 470.138 ms
POST 200 ( /api/user/login ) ( 2023-01-11T13:42:20.736Z ) 469.330 ms
POST 200 ( /api/user/login ) ( 2023-01-11T13:42:20.842Z ) 109.591 ms
POST 200 ( /api/user/login ) ( 2023-01-11T13:42:21.326Z ) 489.973 ms
POST 200 ( /api/user/login ) ( 2023-01-11T13:42:21.327Z ) 488.632 ms
POST 200 ( /api/user/login ) ( 2023-01-11T13:42:21.327Z ) 487.986 ms
POST 200 ( /api/user/login ) ( 2023-01-11T13:42:21.327Z ) 487.399 ms
POST 200 ( /api/user/login ) ( 2023-01-11T13:42:21.328Z ) 486.951 ms
POST 200 ( /api/user/login ) ( 2023-01-11T13:42:21.431Z ) 106.448 ms
POST 200 ( /api/user/login ) ( 2023-01-11T13:42:21.900Z ) 474.797 ms
POST 200 ( /api/user/login ) ( 2023-01-11T13:42:21.901Z ) 474.652 ms
POST 200 ( /api/user/login ) ( 2023-01-11T13:42:21.901Z ) 473.767 ms
POST 200 ( /api/user/login ) ( 2023-01-11T13:42:21.902Z ) 473.064 ms
POST 200 ( /api/user/login ) ( 2023-01-11T13:42:21.902Z ) 472.432 ms
POST 200 ( /api/user/login ) ( 2023-01-11T13:42:22.007Z ) 108.823 ms
POST 200 ( /api/user/login ) ( 2023-01-11T13:42:22.105Z ) 201.932 ms
POST 200 ( /api/user/login ) ( 2023-01-11T13:42:22.485Z ) 483.002 ms
POST 200 ( /api/user/login ) ( 2023-01-11T13:42:22.486Z ) 482.175 ms
POST 200 ( /api/user/login ) ( 2023-01-11T13:42:22.488Z ) 481.598 ms
POST 200 ( /api/user/login ) ( 2023-01-11T13:42:22.488Z ) 482.202 ms
POST 200 ( /api/user/login ) ( 2023-01-11T13:42:22.591Z ) 487.242 ms
POST 200 ( /api/user/login ) ( 2023-01-11T13:42:22.692Z ) 207.495 ms
POST 200 ( /api/user/login ) ( 2023-01-11T13:42:23.081Z ) 494.278 ms
POST 200 ( /api/user/login ) ( 2023-01-11T13:42:23.083Z ) 494.294 ms
POST 200 ( /api/user/login ) ( 2023-01-11T13:42:23.083Z ) 494.102 ms
POST 200 ( /api/user/login ) ( 2023-01-11T13:42:23.087Z ) 493.506 ms
POST 200 ( /api/user/login ) ( 2023-01-11T13:42:23.293Z ) 602.721 ms
POST 200 ( /api/user/login ) ( 2023-01-11T13:42:23.293Z ) 213.777 ms
POST 200 ( /api/user/login ) ( 2023-01-11T13:42:23.671Z ) 481.957 ms
POST 200 ( /api/user/login ) ( 2023-01-11T13:42:23.671Z ) 480.949 ms
POST 200 ( /api/user/login ) ( 2023-01-11T13:42:23.672Z ) 479.995 ms
POST 200 ( /api/user/login ) ( 2023-01-11T13:42:23.673Z ) 479.071 ms
POST 200 ( /api/user/login ) ( 2023-01-11T13:42:23.867Z ) 198.168 ms
POST 200 ( /api/user/login ) ( 2023-01-11T13:42:23.867Z ) 197.261 ms
POST 200 ( /api/user/login ) ( 2023-01-11T13:42:24.285Z ) 423.848 ms
POST 200 ( /api/user/login ) ( 2023-01-11T13:42:24.286Z ) 422.833 ms
POST 200 ( /api/user/login ) ( 2023-01-11T13:42:24.286Z ) 421.909 ms
POST 200 ( /api/user/login ) ( 2023-01-11T13:42:24.286Z ) 420.995 ms
POST 200 ( /api/user/login ) ( 2023-01-11T13:42:24.470Z ) 394.876 ms
POST 200 ( /api/user/login ) ( 2023-01-11T13:42:24.470Z ) 391.335 ms
POST 200 ( /api/user/login ) ( 2023-01-11T13:42:24.850Z ) 385.150 ms
POST 200 ( /api/user/login ) ( 2023-01-11T13:42:24.851Z ) 384.425 ms
POST 200 ( /api/user/login ) ( 2023-01-11T13:42:24.851Z ) 383.930 ms
POST 200 ( /api/user/login ) ( 2023-01-11T13:42:24.852Z ) 383.486 ms
POST 200 ( /api/user/login ) ( 2023-01-11T13:42:25.039Z ) 191.722 ms
POST 200 ( /api/user/login ) ( 2023-01-11T13:42:25.040Z ) 190.780 ms
POST 200 ( /api/user/login ) ( 2023-01-11T13:42:25.427Z ) 393.903 ms
POST 200 ( /api/user/login ) ( 2023-01-11T13:42:25.428Z ) 393.190 ms
POST 200 ( /api/user/login ) ( 2023-01-11T13:42:25.429Z ) 392.258 ms
POST 200 ( /api/user/login ) ( 2023-01-11T13:42:25.432Z ) 394.243 ms
POST 200 ( /api/user/login ) ( 2023-01-11T13:42:25.637Z ) 212.039 ms
POST 200 ( /api/user/login ) ( 2023-01-11T13:42:25.637Z ) 210.860 ms
POST 200 ( /api/user/login ) ( 2023-01-11T13:42:26.034Z ) 402.687 ms
POST 200 ( /api/user/login ) ( 2023-01-11T13:42:26.035Z ) 401.581 ms
POST 200 ( /api/user/login ) ( 2023-01-11T13:42:26.036Z ) 401.039 ms
POST 200 ( /api/user/login ) ( 2023-01-11T13:42:26.036Z ) 400.687 ms
POST 200 ( /api/user/login ) ( 2023-01-11T13:42:26.241Z ) 209.022 ms
POST 200 ( /api/user/login ) ( 2023-01-11T13:42:26.241Z ) 207.901 ms
POST 200 ( /api/user/login ) ( 2023-01-11T13:42:26.637Z ) 401.253 ms
POST 200 ( /api/user/login ) ( 2023-01-11T13:42:26.637Z ) 400.191 ms
POST 200 ( /api/user/login ) ( 2023-01-11T13:42:26.638Z ) 399.566 ms
POST 200 ( /api/user/login ) ( 2023-01-11T13:42:26.639Z ) 399.284 ms
POST 200 ( /api/user/login ) ( 2023-01-11T13:42:26.821Z ) 186.444 ms
POST 200 ( /api/user/login ) ( 2023-01-11T13:42:26.822Z ) 185.844 ms
OPTIONS 200 ( /api/user/login ) ( 2023-01-11T13:42:29.675Z ) 0.209 ms
OPTIONS 200 ( /api/user/login ) ( 2023-01-11T13:42:29.676Z ) 0.166 ms
POST 200 ( /api/user/login ) ( 2023-01-11T13:42:30.124Z ) 444.380 ms
POST 200 ( /api/user/login ) ( 2023-01-11T13:42:30.124Z ) 440.624 ms
POST 200 ( /api/user/login ) ( 2023-01-11T13:42:30.125Z ) 440.266 ms
POST 200 ( /api/user/login ) ( 2023-01-11T13:42:30.309Z ) 628.188 ms
POST 200 ( /api/user/login ) ( 2023-01-11T13:42:30.309Z ) 516.139 ms
POST 200 ( /api/user/login ) ( 2023-01-11T13:42:30.310Z ) 521.114 ms
POST 200 ( /api/user/login ) ( 2023-01-11T13:42:30.578Z ) 272.073 ms
POST 200 ( /api/user/login ) ( 2023-01-11T13:42:30.578Z ) 271.376 ms
POST 200 ( /api/user/login ) ( 2023-01-11T13:42:30.579Z ) 270.808 ms
POST 200 ( /api/user/login ) ( 2023-01-11T13:42:30.871Z ) 296.314 ms
POST 200 ( /api/user/login ) ( 2023-01-11T13:42:30.871Z ) 295.611 ms
POST 200 ( /api/user/login ) ( 2023-01-11T13:42:30.872Z ) 295.271 ms
POST 200 ( /api/user/login ) ( 2023-01-11T13:42:31.143Z ) 275.902 ms
POST 200 ( /api/user/login ) ( 2023-01-11T13:42:31.144Z ) 275.107 ms
POST 200 ( /api/user/login ) ( 2023-01-11T13:42:31.144Z ) 274.555 ms
POST 200 ( /api/user/login ) ( 2023-01-11T13:42:31.429Z ) 289.117 ms
POST 200 ( /api/user/login ) ( 2023-01-11T13:42:31.429Z ) 288.216 ms
POST 200 ( /api/user/login ) ( 2023-01-11T13:42:31.430Z ) 287.505 ms
POST 200 ( /api/user/login ) ( 2023-01-11T13:42:31.721Z ) 295.574 ms
POST 200 ( /api/user/login ) ( 2023-01-11T13:42:31.721Z ) 294.573 ms
POST 200 ( /api/user/login ) ( 2023-01-11T13:42:31.722Z ) 294.019 ms
POST 200 ( /api/user/login ) ( 2023-01-11T13:42:32.007Z ) 290.398 ms
POST 200 ( /api/user/login ) ( 2023-01-11T13:42:32.007Z ) 289.441 ms
POST 200 ( /api/user/login ) ( 2023-01-11T13:42:32.008Z ) 288.282 ms
POST 200 ( /api/user/login ) ( 2023-01-11T13:42:32.293Z ) 289.447 ms
POST 200 ( /api/user/login ) ( 2023-01-11T13:42:32.293Z ) 288.609 ms
POST 200 ( /api/user/login ) ( 2023-01-11T13:42:32.294Z ) 287.913 ms
POST 200 ( /api/user/login ) ( 2023-01-11T13:42:32.579Z ) 289.321 ms
POST 200 ( /api/user/login ) ( 2023-01-11T13:42:32.579Z ) 288.454 ms
POST 200 ( /api/user/login ) ( 2023-01-11T13:42:32.580Z ) 287.828 ms
POST 200 ( /api/user/login ) ( 2023-01-11T13:42:32.859Z ) 284.302 ms
POST 200 ( /api/user/login ) ( 2023-01-11T13:42:32.860Z ) 283.575 ms
POST 200 ( /api/user/login ) ( 2023-01-11T13:42:32.861Z ) 283.166 ms
POST 200 ( /api/user/login ) ( 2023-01-11T13:42:33.142Z ) 285.669 ms
POST 200 ( /api/user/login ) ( 2023-01-11T13:42:33.142Z ) 284.887 ms
POST 200 ( /api/user/login ) ( 2023-01-11T13:42:33.143Z ) 284.432 ms
POST 200 ( /api/user/login ) ( 2023-01-11T13:42:33.432Z ) 293.519 ms
POST 200 ( /api/user/login ) ( 2023-01-11T13:42:33.432Z ) 292.694 ms
POST 200 ( /api/user/login ) ( 2023-01-11T13:42:33.432Z ) 291.601 ms
POST 200 ( /api/user/login ) ( 2023-01-11T13:42:33.709Z ) 281.219 ms
POST 200 ( /api/user/login ) ( 2023-01-11T13:42:33.710Z ) 280.406 ms
POST 200 ( /api/user/login ) ( 2023-01-11T13:42:33.711Z ) 279.761 ms
POST 200 ( /api/user/login ) ( 2023-01-11T13:42:33.982Z ) 275.920 ms
POST 200 ( /api/user/login ) ( 2023-01-11T13:42:33.982Z ) 275.218 ms
POST 200 ( /api/user/login ) ( 2023-01-11T13:42:33.983Z ) 274.444 ms
POST 200 ( /api/user/login ) ( 2023-01-11T13:42:34.267Z ) 288.440 ms
POST 200 ( /api/user/login ) ( 2023-01-11T13:42:34.267Z ) 287.678 ms
POST 200 ( /api/user/login ) ( 2023-01-11T13:42:34.268Z ) 287.054 ms
POST 200 ( /api/user/login ) ( 2023-01-11T13:42:34.549Z ) 285.392 ms
POST 200 ( /api/user/login ) ( 2023-01-11T13:42:34.550Z ) 284.796 ms
POST 200 ( /api/user/login ) ( 2023-01-11T13:42:34.550Z ) 284.409 ms
POST 200 ( /api/user/login ) ( 2023-01-11T13:42:34.834Z ) 288.539 ms
POST 200 ( /api/user/login ) ( 2023-01-11T13:42:34.834Z ) 287.727 ms
POST 200 ( /api/user/login ) ( 2023-01-11T13:42:34.835Z ) 287.159 ms
POST 200 ( /api/user/login ) ( 2023-01-11T13:42:35.124Z ) 294.098 ms
POST 200 ( /api/user/login ) ( 2023-01-11T13:42:35.125Z ) 293.231 ms
POST 200 ( /api/user/login ) ( 2023-01-11T13:42:35.125Z ) 292.649 ms
POST 200 ( /api/user/login ) ( 2023-01-11T13:42:35.402Z ) 281.582 ms
POST 200 ( /api/user/login ) ( 2023-01-11T13:42:35.403Z ) 280.823 ms
POST 200 ( /api/user/login ) ( 2023-01-11T13:42:35.403Z ) 280.150 ms
POST 200 ( /api/user/login ) ( 2023-01-11T13:42:35.687Z ) 288.332 ms
POST 200 ( /api/user/login ) ( 2023-01-11T13:42:35.687Z ) 287.380 ms
POST 200 ( /api/user/login ) ( 2023-01-11T13:42:35.688Z ) 286.767 ms
POST 200 ( /api/user/login ) ( 2023-01-11T13:42:35.972Z ) 288.627 ms
POST 200 ( /api/user/login ) ( 2023-01-11T13:42:35.972Z ) 287.661 ms
POST 200 ( /api/user/login ) ( 2023-01-11T13:42:35.973Z ) 286.958 ms
POST 200 ( /api/user/login ) ( 2023-01-11T13:42:36.256Z ) 288.471 ms
POST 200 ( /api/user/login ) ( 2023-01-11T13:42:36.257Z ) 287.471 ms
POST 200 ( /api/user/login ) ( 2023-01-11T13:42:36.258Z ) 287.540 ms
POST 200 ( /api/user/login ) ( 2023-01-11T13:42:36.536Z ) 283.432 ms
POST 200 ( /api/user/login ) ( 2023-01-11T13:42:36.537Z ) 282.613 ms
POST 200 ( /api/user/login ) ( 2023-01-11T13:42:36.537Z ) 282.131 ms
POST 200 ( /api/user/login ) ( 2023-01-11T13:42:36.814Z ) 281.093 ms
POST 200 ( /api/user/login ) ( 2023-01-11T13:42:36.814Z ) 280.247 ms
POST 200 ( /api/user/login ) ( 2023-01-11T13:42:36.815Z ) 279.623 ms
POST 200 ( /api/user/login ) ( 2023-01-11T13:42:37.096Z ) 285.549 ms
POST 200 ( /api/user/login ) ( 2023-01-11T13:42:37.097Z ) 285.015 ms
POST 200 ( /api/user/login ) ( 2023-01-11T13:42:37.098Z ) 284.861 ms
POST 200 ( /api/user/login ) ( 2023-01-11T13:42:37.379Z ) 286.001 ms
POST 200 ( /api/user/login ) ( 2023-01-11T13:42:37.380Z ) 285.427 ms
POST 200 ( /api/user/login ) ( 2023-01-11T13:42:37.380Z ) 284.824 ms
POST 200 ( /api/user/login ) ( 2023-01-11T13:42:37.663Z ) 287.758 ms
POST 200 ( /api/user/login ) ( 2023-01-11T13:42:37.663Z ) 286.894 ms
POST 200 ( /api/user/login ) ( 2023-01-11T13:42:37.664Z ) 286.212 ms
POST 200 ( /api/user/login ) ( 2023-01-11T13:42:37.954Z ) 294.021 ms
POST 200 ( /api/user/login ) ( 2023-01-11T13:42:37.954Z ) 293.254 ms
POST 200 ( /api/user/login ) ( 2023-01-11T13:42:37.955Z ) 292.927 ms
POST 200 ( /api/user/login ) ( 2023-01-11T13:42:38.236Z ) 286.475 ms
POST 200 ( /api/user/login ) ( 2023-01-11T13:42:38.237Z ) 285.060 ms
POST 200 ( /api/user/login ) ( 2023-01-11T13:42:38.238Z ) 284.693 ms
POST 200 ( /api/user/login ) ( 2023-01-11T13:42:38.521Z ) 287.841 ms
POST 200 ( /api/user/login ) ( 2023-01-11T13:42:38.521Z ) 286.978 ms
POST 200 ( /api/user/login ) ( 2023-01-11T13:42:38.522Z ) 286.355 ms
POST 200 ( /api/user/login ) ( 2023-01-11T13:42:38.789Z ) 271.967 ms
POST 200 ( /api/user/login ) ( 2023-01-11T13:42:38.789Z ) 271.165 ms
POST 200 ( /api/user/login ) ( 2023-01-11T13:42:38.790Z ) 270.396 ms
POST 200 ( /api/user/login ) ( 2023-01-11T13:42:39.069Z ) 283.327 ms
POST 200 ( /api/user/login ) ( 2023-01-11T13:42:39.069Z ) 282.615 ms
POST 200 ( /api/user/login ) ( 2023-01-11T13:42:39.070Z ) 282.075 ms
POST 200 ( /api/user/login ) ( 2023-01-11T13:42:39.353Z ) 288.010 ms
POST 200 ( /api/user/login ) ( 2023-01-11T13:42:39.354Z ) 287.120 ms
POST 200 ( /api/user/login ) ( 2023-01-11T13:42:39.355Z ) 286.512 ms
POST 200 ( /api/user/login ) ( 2023-01-11T13:42:39.536Z ) 184.801 ms
POST 200 ( /api/user/login ) ( 2023-01-11T13:42:39.536Z ) 183.891 ms
OPTIONS 200 ( /api/user/login ) ( 2023-01-11T13:43:57.081Z ) 0.217 ms
OPTIONS 200 ( /api/user/login ) ( 2023-01-11T13:43:57.083Z ) 0.167 ms
POST 200 ( /api/user/login ) ( 2023-01-11T13:43:57.700Z ) 614.713 ms
POST 200 ( /api/user/login ) ( 2023-01-11T13:43:57.749Z ) 658.928 ms
POST 200 ( /api/user/login ) ( 2023-01-11T13:43:57.749Z ) 653.797 ms
POST 200 ( /api/user/login ) ( 2023-01-11T13:43:57.750Z ) 651.699 ms
POST 200 ( /api/user/login ) ( 2023-01-11T13:43:57.752Z ) 663.375 ms
POST 200 ( /api/user/login ) ( 2023-01-11T13:43:57.752Z ) 661.473 ms
POST 200 ( /api/user/login ) ( 2023-01-11T13:43:58.247Z ) 491.942 ms
POST 200 ( /api/user/login ) ( 2023-01-11T13:43:58.247Z ) 496.541 ms
POST 200 ( /api/user/login ) ( 2023-01-11T13:43:58.248Z ) 491.502 ms
POST 200 ( /api/user/login ) ( 2023-01-11T13:43:58.248Z ) 488.390 ms
POST 200 ( /api/user/login ) ( 2023-01-11T13:43:58.249Z ) 491.646 ms
POST 200 ( /api/user/login ) ( 2023-01-11T13:43:58.358Z ) 596.869 ms
POST 200 ( /api/user/login ) ( 2023-01-11T13:43:58.844Z ) 492.435 ms
POST 200 ( /api/user/login ) ( 2023-01-11T13:43:58.844Z ) 491.628 ms
POST 200 ( /api/user/login ) ( 2023-01-11T13:43:58.844Z ) 490.224 ms
POST 200 ( /api/user/login ) ( 2023-01-11T13:43:58.845Z ) 489.396 ms
POST 200 ( /api/user/login ) ( 2023-01-11T13:43:58.845Z ) 488.422 ms
POST 200 ( /api/user/login ) ( 2023-01-11T13:43:58.957Z ) 114.990 ms
POST 200 ( /api/user/login ) ( 2023-01-11T13:43:59.423Z ) 475.471 ms
POST 200 ( /api/user/login ) ( 2023-01-11T13:43:59.430Z ) 480.170 ms
POST 200 ( /api/user/login ) ( 2023-01-11T13:43:59.430Z ) 479.725 ms
POST 200 ( /api/user/login ) ( 2023-01-11T13:43:59.432Z ) 479.187 ms
POST 200 ( /api/user/login ) ( 2023-01-11T13:43:59.434Z ) 485.240 ms
POST 200 ( /api/user/login ) ( 2023-01-11T13:43:59.535Z ) 113.598 ms
POST 200 ( /api/user/login ) ( 2023-01-11T13:43:59.634Z ) 201.497 ms
POST 200 ( /api/user/login ) ( 2023-01-11T13:44:00.010Z ) 479.559 ms
POST 200 ( /api/user/login ) ( 2023-01-11T13:44:00.010Z ) 478.326 ms
POST 200 ( /api/user/login ) ( 2023-01-11T13:44:00.011Z ) 477.747 ms
POST 200 ( /api/user/login ) ( 2023-01-11T13:44:00.012Z ) 477.290 ms
POST 200 ( /api/user/login ) ( 2023-01-11T13:44:00.116Z ) 482.475 ms
POST 200 ( /api/user/login ) ( 2023-01-11T13:44:00.210Z ) 201.735 ms
POST 200 ( /api/user/login ) ( 2023-01-11T13:44:00.567Z ) 457.778 ms
POST 200 ( /api/user/login ) ( 2023-01-11T13:44:00.568Z ) 456.230 ms
POST 200 ( /api/user/login ) ( 2023-01-11T13:44:00.568Z ) 455.681 ms
POST 200 ( /api/user/login ) ( 2023-01-11T13:44:00.569Z ) 454.333 ms
POST 200 ( /api/user/login ) ( 2023-01-11T13:44:00.668Z ) 458.892 ms
POST 200 ( /api/user/login ) ( 2023-01-11T13:44:00.763Z ) 197.161 ms
POST 200 ( /api/user/login ) ( 2023-01-11T13:44:01.119Z ) 455.397 ms
POST 200 ( /api/user/login ) ( 2023-01-11T13:44:01.119Z ) 454.246 ms
POST 200 ( /api/user/login ) ( 2023-01-11T13:44:01.120Z ) 453.869 ms
POST 200 ( /api/user/login ) ( 2023-01-11T13:44:01.120Z ) 453.542 ms
POST 200 ( /api/user/login ) ( 2023-01-11T13:44:01.219Z ) 456.899 ms
POST 200 ( /api/user/login ) ( 2023-01-11T13:44:01.317Z ) 199.024 ms
POST 200 ( /api/user/login ) ( 2023-01-11T13:44:01.676Z ) 461.193 ms
POST 200 ( /api/user/login ) ( 2023-01-11T13:44:01.676Z ) 459.877 ms
POST 200 ( /api/user/login ) ( 2023-01-11T13:44:01.677Z ) 459.396 ms
POST 200 ( /api/user/login ) ( 2023-01-11T13:44:01.677Z ) 458.975 ms
POST 200 ( /api/user/login ) ( 2023-01-11T13:44:01.896Z ) 580.564 ms
POST 200 ( /api/user/login ) ( 2023-01-11T13:44:01.896Z ) 221.924 ms
POST 200 ( /api/user/login ) ( 2023-01-11T13:44:02.256Z ) 476.932 ms
POST 200 ( /api/user/login ) ( 2023-01-11T13:44:02.257Z ) 477.148 ms
POST 200 ( /api/user/login ) ( 2023-01-11T13:44:02.258Z ) 476.626 ms
POST 200 ( /api/user/login ) ( 2023-01-11T13:44:02.258Z ) 476.189 ms
POST 200 ( /api/user/login ) ( 2023-01-11T13:44:02.457Z ) 203.621 ms
POST 200 ( /api/user/login ) ( 2023-01-11T13:44:02.458Z ) 202.899 ms
POST 200 ( /api/user/login ) ( 2023-01-11T13:44:02.555Z ) 295.652 ms
POST 200 ( /api/user/login ) ( 2023-01-11T13:44:02.841Z ) 386.304 ms
POST 200 ( /api/user/login ) ( 2023-01-11T13:44:02.841Z ) 385.698 ms
POST 200 ( /api/user/login ) ( 2023-01-11T13:44:02.842Z ) 385.307 ms
POST 200 ( /api/user/login ) ( 2023-01-11T13:44:03.042Z ) 489.066 ms
POST 200 ( /api/user/login ) ( 2023-01-11T13:44:03.138Z ) 583.873 ms
POST 200 ( /api/user/login ) ( 2023-01-11T13:44:03.138Z ) 298.979 ms
POST 200 ( /api/user/login ) ( 2023-01-11T13:44:03.421Z ) 383.125 ms
POST 200 ( /api/user/login ) ( 2023-01-11T13:44:03.421Z ) 382.237 ms
POST 200 ( /api/user/login ) ( 2023-01-11T13:44:03.422Z ) 381.601 ms
POST 200 ( /api/user/login ) ( 2023-01-11T13:44:03.517Z ) 380.260 ms
POST 200 ( /api/user/login ) ( 2023-01-11T13:44:03.699Z ) 280.061 ms
POST 200 ( /api/user/login ) ( 2023-01-11T13:44:03.699Z ) 279.385 ms
POST 200 ( /api/user/login ) ( 2023-01-11T13:44:03.984Z ) 468.415 ms
POST 200 ( /api/user/login ) ( 2023-01-11T13:44:03.984Z ) 470.046 ms
POST 200 ( /api/user/login ) ( 2023-01-11T13:44:03.985Z ) 468.838 ms
POST 200 ( /api/user/login ) ( 2023-01-11T13:44:04.085Z ) 387.681 ms
POST 200 ( /api/user/login ) ( 2023-01-11T13:44:04.277Z ) 295.328 ms
POST 200 ( /api/user/login ) ( 2023-01-11T13:44:04.277Z ) 294.656 ms
POST 200 ( /api/user/login ) ( 2023-01-11T13:44:04.553Z ) 469.601 ms
POST 200 ( /api/user/login ) ( 2023-01-11T13:44:04.554Z ) 471.446 ms
POST 200 ( /api/user/login ) ( 2023-01-11T13:44:04.554Z ) 469.863 ms
POST 200 ( /api/user/login ) ( 2023-01-11T13:44:04.654Z ) 378.584 ms
POST 200 ( /api/user/login ) ( 2023-01-11T13:44:04.845Z ) 294.062 ms
POST 200 ( /api/user/login ) ( 2023-01-11T13:44:04.845Z ) 293.141 ms
POST 200 ( /api/user/login ) ( 2023-01-11T13:44:05.129Z ) 476.808 ms
POST 200 ( /api/user/login ) ( 2023-01-11T13:44:05.129Z ) 478.515 ms
POST 200 ( /api/user/login ) ( 2023-01-11T13:44:05.130Z ) 476.786 ms
POST 200 ( /api/user/login ) ( 2023-01-11T13:44:05.230Z ) 386.503 ms
POST 200 ( /api/user/login ) ( 2023-01-11T13:44:05.415Z ) 288.624 ms
POST 200 ( /api/user/login ) ( 2023-01-11T13:44:05.416Z ) 288.061 ms
POST 200 ( /api/user/login ) ( 2023-01-11T13:44:05.688Z ) 459.865 ms
POST 200 ( /api/user/login ) ( 2023-01-11T13:44:05.688Z ) 461.723 ms
POST 200 ( /api/user/login ) ( 2023-01-11T13:44:05.689Z ) 459.886 ms
POST 200 ( /api/user/login ) ( 2023-01-11T13:44:05.787Z ) 372.763 ms
POST 200 ( /api/user/login ) ( 2023-01-11T13:44:05.968Z ) 282.687 ms
POST 200 ( /api/user/login ) ( 2023-01-11T13:44:05.968Z ) 281.760 ms
POST 200 ( /api/user/login ) ( 2023-01-11T13:44:06.251Z ) 466.495 ms
POST 200 ( /api/user/login ) ( 2023-01-11T13:44:06.252Z ) 468.247 ms
POST 200 ( /api/user/login ) ( 2023-01-11T13:44:06.252Z ) 466.427 ms
POST 200 ( /api/user/login ) ( 2023-01-11T13:44:06.354Z ) 387.297 ms
POST 200 ( /api/user/login ) ( 2023-01-11T13:44:06.543Z ) 294.144 ms
POST 200 ( /api/user/login ) ( 2023-01-11T13:44:06.544Z ) 293.420 ms
POST 200 ( /api/user/login ) ( 2023-01-11T13:44:06.824Z ) 471.435 ms
POST 200 ( /api/user/login ) ( 2023-01-11T13:44:06.824Z ) 473.178 ms
POST 200 ( /api/user/login ) ( 2023-01-11T13:44:06.825Z ) 471.433 ms
POST 200 ( /api/user/login ) ( 2023-01-11T13:44:06.923Z ) 381.132 ms
POST 200 ( /api/user/login ) ( 2023-01-11T13:44:07.104Z ) 282.440 ms
POST 200 ( /api/user/login ) ( 2023-01-11T13:44:07.105Z ) 281.768 ms
OPTIONS 200 ( /api/user/login ) ( 2023-01-11T18:04:19.857Z ) 2.684 ms
POST 200 ( /api/user/login ) ( 2023-01-11T18:04:19.997Z ) 126.166 ms
OPTIONS 200 ( /api/user/login ) ( 2023-01-11T18:04:50.699Z ) 0.376 ms
POST 200 ( /api/user/login ) ( 2023-01-11T18:04:50.803Z ) 99.171 ms
OPTIONS 200 ( /api/user/login ) ( 2023-01-11T18:07:52.326Z ) 0.301 ms
POST 200 ( /api/user/login ) ( 2023-01-11T18:07:52.431Z ) 100.979 ms
POST 200 ( /api/user/login ) ( 2023-01-11T18:07:53.375Z ) 100.089 ms
OPTIONS 200 ( /api/user/login ) ( 2023-01-11T18:08:42.809Z ) 0.277 ms
POST 200 ( /api/user/login ) ( 2023-01-11T18:08:42.914Z ) 100.983 ms
OPTIONS 200 ( /api/user/login ) ( 2023-01-11T18:08:53.993Z ) 0.361 ms
POST 400 ( /api/user/login ) ( 2023-01-11T18:08:54.096Z ) 99.234 ms
OPTIONS 200 ( /api/user/login ) ( 2023-01-11T18:09:39.920Z ) 0.337 ms
POST 200 ( /api/user/login ) ( 2023-01-11T18:09:40.023Z ) 99.230 ms
OPTIONS 200 ( /api/user/login ) ( 2023-01-11T18:10:34.061Z ) 0.285 ms
POST 200 ( /api/user/login ) ( 2023-01-11T18:10:34.163Z ) 100.004 ms
OPTIONS 200 ( /api/user/login ) ( 2023-01-11T18:11:14.764Z ) 0.936 ms
POST 200 ( /api/user/login ) ( 2023-01-11T18:11:14.865Z ) 98.955 ms
OPTIONS 200 ( /api/user/login ) ( 2023-01-11T18:11:30.902Z ) 0.282 ms
POST 200 ( /api/user/login ) ( 2023-01-11T18:11:31.004Z ) 99.533 ms
OPTIONS 200 ( /api/user/login ) ( 2023-01-11T18:11:45.272Z ) 0.293 ms
POST 200 ( /api/user/login ) ( 2023-01-11T18:11:45.378Z ) 101.834 ms
OPTIONS 200 ( /api/user/login ) ( 2023-01-11T18:12:23.336Z ) 0.280 ms
POST 200 ( /api/user/login ) ( 2023-01-11T18:12:23.442Z ) 102.636 ms
OPTIONS 200 ( /api/user/login ) ( 2023-01-11T18:13:39.855Z ) 0.245 ms
POST 200 ( /api/user/login ) ( 2023-01-11T18:13:39.959Z ) 99.877 ms
POST 200 ( /api/user/login ) ( 2023-01-11T18:13:42.474Z ) 101.264 ms
OPTIONS 200 ( /api/user/login ) ( 2023-01-11T18:13:52.685Z ) 0.386 ms
POST 200 ( /api/user/login ) ( 2023-01-11T18:13:52.815Z ) 127.929 ms
POST 200 ( /api/user/login ) ( 2023-01-11T18:13:55.505Z ) 100.244 ms
OPTIONS 200 ( /api/user/login ) ( 2023-01-11T18:21:13.929Z ) 2.848 ms
POST 200 ( /api/user/login ) ( 2023-01-11T18:21:14.078Z ) 135.118 ms
OPTIONS 200 ( /api/user/login ) ( 2023-01-11T18:22:27.714Z ) 2.569 ms
POST 200 ( /api/user/login ) ( 2023-01-11T18:22:27.851Z ) 123.486 ms
OPTIONS 200 ( /api/user/login ) ( 2023-01-11T18:25:15.931Z ) 0.413 ms
POST 200 ( /api/user/login ) ( 2023-01-11T18:25:16.035Z ) 100.398 ms
POST 200 ( /api/user/login ) ( 2023-01-11T18:25:20.790Z ) 98.669 ms
OPTIONS 200 ( /api/user/login ) ( 2023-01-11T18:25:23.620Z ) 0.595 ms
POST 200 ( /api/user/login ) ( 2023-01-11T18:25:23.723Z ) 99.576 ms
POST 200 ( /api/user/login ) ( 2023-01-11T18:25:24.384Z ) 99.181 ms
POST 200 ( /api/user/login ) ( 2023-01-11T18:25:24.582Z ) 98.300 ms
POST 200 ( /api/user/login ) ( 2023-01-11T18:25:24.787Z ) 104.110 ms
POST 200 ( /api/user/login ) ( 2023-01-11T18:25:24.980Z ) 97.107 ms
POST 200 ( /api/user/login ) ( 2023-01-11T18:25:25.631Z ) 98.996 ms
OPTIONS 200 ( /api/user/login ) ( 2023-01-11T18:25:38.520Z ) 0.275 ms
POST 200 ( /api/user/login ) ( 2023-01-11T18:25:38.620Z ) 97.438 ms
OPTIONS 200 ( /api/user/login ) ( 2023-01-11T18:26:05.719Z ) 0.238 ms
POST 200 ( /api/user/login ) ( 2023-01-11T18:26:05.941Z ) 186.058 ms
OPTIONS 200 ( /api/user/login ) ( 2023-01-11T18:27:39.214Z ) 0.231 ms
POST 200 ( /api/user/login ) ( 2023-01-11T18:27:39.315Z ) 98.146 ms
OPTIONS 200 ( /api/user/login ) ( 2023-01-11T18:29:12.839Z ) 0.243 ms
POST 200 ( /api/user/login ) ( 2023-01-11T18:29:12.943Z ) 101.228 ms
OPTIONS 200 ( /api/user/login ) ( 2023-01-11T18:29:32.744Z ) 0.293 ms
POST 400 ( /api/user/login ) ( 2023-01-11T18:29:32.846Z ) 98.722 ms
OPTIONS 200 ( /api/user/login ) ( 2023-01-11T18:31:36.927Z ) 0.274 ms
POST 200 ( /api/user/login ) ( 2023-01-11T18:31:37.027Z ) 97.183 ms
OPTIONS 200 ( /api/user/login ) ( 2023-01-11T18:32:00.877Z ) 0.259 ms
POST 200 ( /api/user/login ) ( 2023-01-11T18:32:00.982Z ) 100.970 ms
OPTIONS 200 ( /api/user/login ) ( 2023-01-11T18:33:24.416Z ) 0.265 ms
POST 200 ( /api/user/login ) ( 2023-01-11T18:33:24.525Z ) 98.271 ms
POST 200 ( /api/user/login ) ( 2023-01-11T18:33:28.597Z ) 99.930 ms
OPTIONS 200 ( /api/user/login ) ( 2023-01-11T18:33:34.181Z ) 0.272 ms
POST 200 ( /api/user/login ) ( 2023-01-11T18:33:34.289Z ) 98.016 ms
OPTIONS 200 ( /api/user/login ) ( 2023-01-11T18:33:49.871Z ) 0.276 ms
POST 400 ( /api/user/login ) ( 2023-01-11T18:33:49.984Z ) 101.275 ms
OPTIONS 200 ( /api/user/login ) ( 2023-01-11T18:33:58.668Z ) 0.252 ms
POST 400 ( /api/user/login ) ( 2023-01-11T18:33:58.777Z ) 96.322 ms
OPTIONS 200 ( /api/user/login ) ( 2023-01-11T18:37:05.349Z ) 0.261 ms
POST 400 ( /api/user/login ) ( 2023-01-11T18:37:05.483Z ) 123.369 ms
OPTIONS 200 ( /api/user/login ) ( 2023-01-11T18:37:30.214Z ) 0.343 ms
POST 400 ( /api/user/login ) ( 2023-01-11T18:37:30.316Z ) 98.770 ms
OPTIONS 200 ( /api/user/login ) ( 2023-01-11T18:38:31.391Z ) 0.335 ms
POST 200 ( /api/user/login ) ( 2023-01-11T18:38:31.492Z ) 98.043 ms
OPTIONS 200 ( /api/user/login ) ( 2023-01-11T18:43:19.776Z ) 0.211 ms
POST 200 ( /api/user/login ) ( 2023-01-11T18:43:19.877Z ) 97.277 ms
OPTIONS 200 ( /api/user/login ) ( 2023-01-11T18:44:11.911Z ) 0.222 ms
POST 200 ( /api/user/login ) ( 2023-01-11T18:44:12.017Z ) 103.014 ms
OPTIONS 200 ( /api/user/login ) ( 2023-01-11T18:44:35.282Z ) 0.351 ms
POST 200 ( /api/user/login ) ( 2023-01-11T18:44:35.404Z ) 117.326 ms
OPTIONS 200 ( /api/user/login ) ( 2023-01-11T18:45:52.391Z ) 0.235 ms
POST 200 ( /api/user/login ) ( 2023-01-11T18:45:52.492Z ) 97.822 ms
OPTIONS 200 ( /api/user/login ) ( 2023-01-11T18:46:07.517Z ) 0.237 ms
POST 400 ( /api/user/login ) ( 2023-01-11T18:46:07.619Z ) 98.434 ms
OPTIONS 200 ( /api/user/login ) ( 2023-01-11T18:47:02.722Z ) 0.264 ms
POST 400 ( /api/user/login ) ( 2023-01-11T18:47:02.823Z ) 98.701 ms
OPTIONS 200 ( /api/user/login ) ( 2023-01-11T18:50:10.355Z ) 0.246 ms
POST 400 ( /api/user/login ) ( 2023-01-11T18:50:10.460Z ) 100.938 ms
OPTIONS 200 ( /api/user/login ) ( 2023-01-11T18:50:44.458Z ) 0.326 ms
POST 400 ( /api/user/login ) ( 2023-01-11T18:50:44.559Z ) 97.320 ms
OPTIONS 200 ( /api/user/login ) ( 2023-01-11T18:51:34.135Z ) 0.323 ms
POST 400 ( /api/user/login ) ( 2023-01-11T18:51:34.237Z ) 98.001 ms
OPTIONS 200 ( /api/user/login ) ( 2023-01-11T18:52:07.816Z ) 0.220 ms
POST 200 ( /api/user/login ) ( 2023-01-11T18:52:07.917Z ) 97.674 ms
OPTIONS 200 ( /api/user/login ) ( 2023-01-11T18:54:42.682Z ) 0.365 ms
POST 400 ( /api/user/login ) ( 2023-01-11T18:54:42.783Z ) 98.285 ms
OPTIONS 200 ( /api/user/login ) ( 2023-01-11T18:55:17.972Z ) 0.248 ms
POST 400 ( /api/user/login ) ( 2023-01-11T18:55:18.072Z ) 97.454 ms
OPTIONS 200 ( /api/user/login ) ( 2023-01-11T18:55:47.524Z ) 0.395 ms
POST 400 ( /api/user/login ) ( 2023-01-11T18:55:47.626Z ) 98.453 ms
OPTIONS 200 ( /api/user/login ) ( 2023-01-11T18:57:07.424Z ) 0.244 ms
POST 400 ( /api/user/login ) ( 2023-01-11T18:57:07.527Z ) 99.375 ms
OPTIONS 200 ( /api/user/login ) ( 2023-01-11T18:57:39.391Z ) 0.294 ms
POST 400 ( /api/user/login ) ( 2023-01-11T18:57:39.397Z ) 2.080 ms
OPTIONS 200 ( /api/user/login ) ( 2023-01-11T18:58:09.666Z ) 0.229 ms
POST 400 ( /api/user/login ) ( 2023-01-11T18:58:09.768Z ) 97.825 ms
OPTIONS 200 ( /api/user/login ) ( 2023-01-11T18:59:26.829Z ) 0.246 ms
POST 400 ( /api/user/login ) ( 2023-01-11T18:59:26.935Z ) 102.652 ms
OPTIONS 200 ( /api/user/login ) ( 2023-01-11T19:00:41.007Z ) 0.301 ms
POST 400 ( /api/user/login ) ( 2023-01-11T19:00:41.108Z ) 98.210 ms
OPTIONS 200 ( /api/user/login ) ( 2023-01-11T19:01:39.116Z ) 0.448 ms
POST 400 ( /api/user/login ) ( 2023-01-11T19:01:39.217Z ) 97.084 ms
OPTIONS 200 ( /api/user/login ) ( 2023-01-11T19:35:33.825Z ) 2.806 ms
POST 500 ( /api/user/login ) ( 2023-01-11T19:35:33.962Z ) 121.258 ms
OPTIONS 200 ( /api/user/login ) ( 2023-01-11T19:41:33.805Z ) 2.679 ms
POST 400 ( /api/user/login ) ( 2023-01-11T19:41:33.938Z ) 121.949 ms
OPTIONS 200 ( /api/user/login ) ( 2023-01-11T19:43:27.103Z ) 2.539 ms
POST 200 ( /api/user/login ) ( 2023-01-11T19:43:27.239Z ) 124.873 ms
OPTIONS 200 ( /api/user/login ) ( 2023-01-11T19:43:56.204Z ) 0.373 ms
POST 400 ( /api/user/login ) ( 2023-01-11T19:43:56.307Z ) 98.389 ms
OPTIONS 200 ( /api/user/login ) ( 2023-01-11T19:44:58.286Z ) 0.435 ms
POST 400 ( /api/user/login ) ( 2023-01-11T19:44:58.389Z ) 99.154 ms
OPTIONS 200 ( /api/user/login ) ( 2023-01-11T19:46:35.354Z ) 0.294 ms
POST 200 ( /api/user/login ) ( 2023-01-11T19:46:35.456Z ) 98.979 ms
OPTIONS 200 ( /api/user/login ) ( 2023-01-11T19:46:42.721Z ) 0.276 ms
POST 400 ( /api/user/login ) ( 2023-01-11T19:46:42.824Z ) 98.566 ms
OPTIONS 200 ( /api/user/login ) ( 2023-01-11T19:50:49.026Z ) 2.545 ms
POST 401 ( /api/user/login ) ( 2023-01-11T19:50:49.158Z ) 120.923 ms
OPTIONS 200 ( /api/user/login ) ( 2023-01-11T19:53:00.266Z ) 0.364 ms
POST 200 ( /api/user/login ) ( 2023-01-11T19:53:00.370Z ) 100.273 ms
OPTIONS 200 ( /api/user/login ) ( 2023-01-11T19:53:06.671Z ) 0.289 ms
POST 401 ( /api/user/login ) ( 2023-01-11T19:53:06.772Z ) 97.655 ms
OPTIONS 200 ( /api/user/login ) ( 2023-01-11T19:57:41.626Z ) 0.395 ms
POST 200 ( /api/user/login ) ( 2023-01-11T19:57:41.730Z ) 100.377 ms
OPTIONS 200 ( /api/user/login ) ( 2023-01-11T19:57:54.154Z ) 0.261 ms
POST 401 ( /api/user/login ) ( 2023-01-11T19:57:54.257Z ) 98.549 ms
OPTIONS 200 ( /api/user/login ) ( 2023-01-11T19:59:08.011Z ) 3.521 ms
POST 401 ( /api/user/login ) ( 2023-01-11T19:59:08.143Z ) 121.554 ms
OPTIONS 200 ( /api/user/login ) ( 2023-01-11T20:00:12.124Z ) 2.562 ms
POST 200 ( /api/user/login ) ( 2023-01-11T20:00:12.256Z ) 120.271 ms
OPTIONS 200 ( /api/user/login ) ( 2023-01-11T20:01:14.605Z ) 0.404 ms
POST 200 ( /api/user/login ) ( 2023-01-11T20:01:14.712Z ) 101.920 ms
POST 200 ( /api/user/login ) ( 2023-01-11T20:01:18.997Z ) 99.234 ms
OPTIONS 200 ( /api/user/login ) ( 2023-01-11T20:01:30.884Z ) 0.399 ms
POST 200 ( /api/user/login ) ( 2023-01-11T20:01:30.986Z ) 99.751 ms
OPTIONS 200 ( /api/user/login ) ( 2023-01-12T09:27:55.539Z ) 2.652 ms
POST 200 ( /api/user/login ) ( 2023-01-12T09:27:55.734Z ) 179.224 ms
OPTIONS 200 ( /api/user/login ) ( 2023-01-12T09:31:40.710Z ) 2.683 ms
OPTIONS 200 ( /api/user/login ) ( 2023-01-12T09:32:30.635Z ) 2.456 ms
POST 200 ( /api/user/login ) ( 2023-01-12T09:32:30.765Z ) 118.515 ms
OPTIONS 200 ( /api/user/login ) ( 2023-01-12T09:32:40.575Z ) 0.385 ms
POST 401 ( /api/user/login ) ( 2023-01-12T09:32:40.691Z ) 108.104 ms
OPTIONS 200 ( /api/user/login ) ( 2023-01-12T09:34:15.214Z ) 0.268 ms
POST 200 ( /api/user/login ) ( 2023-01-12T09:34:15.321Z ) 103.247 ms
OPTIONS 200 ( /api/user/login ) ( 2023-01-12T09:34:23.933Z ) 0.317 ms
POST 401 ( /api/user/login ) ( 2023-01-12T09:34:24.037Z ) 101.558 ms
OPTIONS 200 ( /api/user/login ) ( 2023-01-12T09:38:15.409Z ) 0.269 ms
POST 200 ( /api/user/login ) ( 2023-01-12T09:38:15.517Z ) 104.650 ms
OPTIONS 200 ( /api/user/login ) ( 2023-01-12T09:39:44.142Z ) 0.479 ms
POST 200 ( /api/user/login ) ( 2023-01-12T09:39:44.249Z ) 103.223 ms
OPTIONS 200 ( /api/user/login ) ( 2023-01-12T09:40:09.856Z ) 0.251 ms
POST 200 ( /api/user/login ) ( 2023-01-12T09:40:09.966Z ) 106.947 ms
OPTIONS 200 ( /api/user/login ) ( 2023-01-12T09:49:29.172Z ) 0.262 ms
POST 200 ( /api/user/login ) ( 2023-01-12T09:49:29.277Z ) 101.980 ms
OPTIONS 200 ( /api/user/login ) ( 2023-01-12T09:49:56.133Z ) 0.869 ms
POST 401 ( /api/user/login ) ( 2023-01-12T09:49:56.238Z ) 102.065 ms
OPTIONS 200 ( /api/user/login ) ( 2023-01-12T09:52:03.408Z ) 0.254 ms
POST 401 ( /api/user/login ) ( 2023-01-12T09:52:03.514Z ) 103.389 ms
OPTIONS 200 ( /api/user/login ) ( 2023-01-12T09:54:18.719Z ) 0.263 ms
POST 200 ( /api/user/login ) ( 2023-01-12T09:54:18.825Z ) 102.599 ms
OPTIONS 200 ( /api/user/login ) ( 2023-01-12T09:54:28.334Z ) 0.287 ms
POST 401 ( /api/user/login ) ( 2023-01-12T09:54:28.450Z ) 102.742 ms
OPTIONS 200 ( /api/user/login ) ( 2023-01-12T09:55:56.034Z ) 0.225 ms
POST 200 ( /api/user/login ) ( 2023-01-12T09:55:56.140Z ) 102.744 ms
OPTIONS 200 ( /api/user/login ) ( 2023-01-12T09:56:14.040Z ) 0.247 ms
POST 401 ( /api/user/login ) ( 2023-01-12T09:56:14.144Z ) 100.921 ms
POST 401 ( /api/user/login ) ( 2023-01-12T09:56:17.119Z ) 101.427 ms
OPTIONS 200 ( /api/user/login ) ( 2023-01-12T09:57:37.271Z ) 0.251 ms
POST 200 ( /api/user/login ) ( 2023-01-12T09:57:37.376Z ) 102.204 ms
OPTIONS 200 ( /api/user/login ) ( 2023-01-12T09:57:43.998Z ) 0.263 ms
POST 401 ( /api/user/login ) ( 2023-01-12T09:57:44.101Z ) 100.566 ms
OPTIONS 200 ( /api/user/login ) ( 2023-01-12T09:58:15.219Z ) 0.241 ms
POST 401 ( /api/user/login ) ( 2023-01-12T09:58:15.323Z ) 101.523 ms
OPTIONS 200 ( /api/user/login ) ( 2023-01-12T09:58:21.643Z ) 0.224 ms
POST 200 ( /api/user/login ) ( 2023-01-12T09:58:21.747Z ) 101.099 ms
OPTIONS 200 ( /api/user/login ) ( 2023-01-12T10:00:15.455Z ) 0.341 ms
POST 200 ( /api/user/login ) ( 2023-01-12T10:00:15.559Z ) 100.793 ms
OPTIONS 200 ( /api/user/login ) ( 2023-01-12T10:01:28.284Z ) 0.365 ms
POST 200 ( /api/user/login ) ( 2023-01-12T10:01:28.389Z ) 100.832 ms
OPTIONS 200 ( /api/user/login ) ( 2023-01-12T10:01:41.316Z ) 0.234 ms
POST 401 ( /api/user/login ) ( 2023-01-12T10:01:41.420Z ) 101.850 ms
OPTIONS 200 ( /api/user/login ) ( 2023-01-12T10:07:58.099Z ) 2.623 ms
POST 200 ( /api/user/login ) ( 2023-01-12T10:07:58.241Z ) 127.129 ms
OPTIONS 200 ( /api/user/login ) ( 2023-01-12T10:08:27.949Z ) 0.376 ms
POST 200 ( /api/user/login ) ( 2023-01-12T10:08:28.074Z ) 115.158 ms
OPTIONS 200 ( /api/user/login ) ( 2023-01-12T10:14:12.907Z ) 4.444 ms
POST 200 ( /api/user/login ) ( 2023-01-12T10:14:13.045Z ) 126.319 ms
OPTIONS 200 ( /api/user/login ) ( 2023-01-12T10:14:18.005Z ) 0.357 ms
POST 401 ( /api/user/login ) ( 2023-01-12T10:14:18.113Z ) 103.782 ms
OPTIONS 200 ( /api/user/login ) ( 2023-01-12T10:16:59.557Z ) 3.208 ms
POST 200 ( /api/user/login ) ( 2023-01-12T10:16:59.694Z ) 126.761 ms
OPTIONS 200 ( /api/user/login ) ( 2023-01-12T10:20:08.818Z ) 3.211 ms
POST 200 ( /api/user/login ) ( 2023-01-12T10:20:08.961Z ) 131.997 ms
OPTIONS 200 ( /api/user/login ) ( 2023-01-12T10:21:19.969Z ) 2.874 ms
POST 200 ( /api/user/login ) ( 2023-01-12T10:21:20.112Z ) 132.012 ms
